Traceback (most recent call last):
  File "/home/liuzhenlong/MIA/MLHospital/mlh/examples/train_target_models.py", line 7, in <module>
    from defenses.membership_inference.AdvReg import TrainTargetAdvReg
  File "/home/liuzhenlong/MIA/MLHospital/mlh/defenses/membership_inference/AdvReg.py", line 27, in <module>
    from runx.logx import logx
ModuleNotFoundError: No module named 'runx'
add simple data augmentation!
add simple data augmentation!
Files already downloaded and verified
Files already downloaded and verified
Preparing dataloader!
dataset:  60000
target_train: 10000 	 target_inference: 10000 	 target_test: 10000
Train Epoch: 1, Total Sample: 10000, Train Acc: 32.090, Test Acc: 31.090, Total Time: 7.615s
Train Epoch: 2, Total Sample: 10000, Train Acc: 38.180, Test Acc: 36.540, Total Time: 12.720s
Train Epoch: 3, Total Sample: 10000, Train Acc: 42.130, Test Acc: 40.340, Total Time: 17.943s
Train Epoch: 4, Total Sample: 10000, Train Acc: 41.910, Test Acc: 40.600, Total Time: 23.191s
Train Epoch: 5, Total Sample: 10000, Train Acc: 42.790, Test Acc: 41.250, Total Time: 28.502s
Train Epoch: 6, Total Sample: 10000, Train Acc: 49.220, Test Acc: 46.070, Total Time: 33.698s
Train Epoch: 7, Total Sample: 10000, Train Acc: 47.610, Test Acc: 45.200, Total Time: 38.899s
Train Epoch: 8, Total Sample: 10000, Train Acc: 45.690, Test Acc: 43.150, Total Time: 44.136s
Train Epoch: 9, Total Sample: 10000, Train Acc: 46.000, Test Acc: 42.460, Total Time: 49.307s
Train Epoch: 10, Total Sample: 10000, Train Acc: 56.760, Test Acc: 51.340, Total Time: 54.466s
Train Epoch: 11, Total Sample: 10000, Train Acc: 52.510, Test Acc: 48.300, Total Time: 59.710s
Train Epoch: 12, Total Sample: 10000, Train Acc: 60.490, Test Acc: 53.520, Total Time: 64.863s
Train Epoch: 13, Total Sample: 10000, Train Acc: 54.760, Test Acc: 48.930, Total Time: 70.186s
Train Epoch: 14, Total Sample: 10000, Train Acc: 60.610, Test Acc: 53.650, Total Time: 75.425s
Train Epoch: 15, Total Sample: 10000, Train Acc: 56.990, Test Acc: 50.580, Total Time: 80.637s
Train Epoch: 16, Total Sample: 10000, Train Acc: 46.980, Test Acc: 42.240, Total Time: 85.844s
Train Epoch: 17, Total Sample: 10000, Train Acc: 64.020, Test Acc: 55.910, Total Time: 91.129s
Train Epoch: 18, Total Sample: 10000, Train Acc: 56.660, Test Acc: 49.840, Total Time: 96.335s
Train Epoch: 19, Total Sample: 10000, Train Acc: 65.360, Test Acc: 55.570, Total Time: 101.593s
Train Epoch: 20, Total Sample: 10000, Train Acc: 67.700, Test Acc: 58.150, Total Time: 106.907s
Train Epoch: 21, Total Sample: 10000, Train Acc: 64.310, Test Acc: 55.500, Total Time: 112.144s
Train Epoch: 22, Total Sample: 10000, Train Acc: 58.860, Test Acc: 50.980, Total Time: 117.322s
Train Epoch: 23, Total Sample: 10000, Train Acc: 65.370, Test Acc: 55.500, Total Time: 122.552s
Train Epoch: 24, Total Sample: 10000, Train Acc: 68.720, Test Acc: 57.370, Total Time: 127.739s
Train Epoch: 25, Total Sample: 10000, Train Acc: 67.430, Test Acc: 56.420, Total Time: 132.833s
Train Epoch: 26, Total Sample: 10000, Train Acc: 70.220, Test Acc: 59.730, Total Time: 137.979s
Train Epoch: 27, Total Sample: 10000, Train Acc: 75.510, Test Acc: 62.440, Total Time: 143.041s
Train Epoch: 28, Total Sample: 10000, Train Acc: 76.340, Test Acc: 61.470, Total Time: 148.285s
Train Epoch: 29, Total Sample: 10000, Train Acc: 76.960, Test Acc: 61.620, Total Time: 153.644s
Train Epoch: 30, Total Sample: 10000, Train Acc: 72.520, Test Acc: 58.140, Total Time: 159.014s
Train Epoch: 31, Total Sample: 10000, Train Acc: 71.430, Test Acc: 58.050, Total Time: 164.291s
Train Epoch: 32, Total Sample: 10000, Train Acc: 73.530, Test Acc: 59.400, Total Time: 169.588s
Train Epoch: 33, Total Sample: 10000, Train Acc: 72.650, Test Acc: 59.520, Total Time: 174.919s
Train Epoch: 34, Total Sample: 10000, Train Acc: 77.410, Test Acc: 60.940, Total Time: 180.400s
Train Epoch: 35, Total Sample: 10000, Train Acc: 71.800, Test Acc: 57.520, Total Time: 185.773s
Train Epoch: 36, Total Sample: 10000, Train Acc: 72.570, Test Acc: 57.760, Total Time: 191.135s
Train Epoch: 37, Total Sample: 10000, Train Acc: 79.350, Test Acc: 62.570, Total Time: 196.969s
Train Epoch: 38, Total Sample: 10000, Train Acc: 73.570, Test Acc: 56.920, Total Time: 202.503s
Train Epoch: 39, Total Sample: 10000, Train Acc: 82.000, Test Acc: 63.180, Total Time: 208.707s
Train Epoch: 40, Total Sample: 10000, Train Acc: 80.890, Test Acc: 61.950, Total Time: 214.092s
Train Epoch: 41, Total Sample: 10000, Train Acc: 73.010, Test Acc: 57.640, Total Time: 219.607s
Train Epoch: 42, Total Sample: 10000, Train Acc: 81.510, Test Acc: 62.120, Total Time: 225.187s
Train Epoch: 43, Total Sample: 10000, Train Acc: 85.630, Test Acc: 63.690, Total Time: 230.805s
Train Epoch: 44, Total Sample: 10000, Train Acc: 85.490, Test Acc: 62.710, Total Time: 236.448s
Train Epoch: 45, Total Sample: 10000, Train Acc: 84.140, Test Acc: 63.070, Total Time: 241.622s
Train Epoch: 46, Total Sample: 10000, Train Acc: 87.240, Test Acc: 63.750, Total Time: 246.878s
Train Epoch: 47, Total Sample: 10000, Train Acc: 89.000, Test Acc: 64.680, Total Time: 252.252s
Train Epoch: 48, Total Sample: 10000, Train Acc: 86.800, Test Acc: 63.430, Total Time: 257.341s
Train Epoch: 49, Total Sample: 10000, Train Acc: 89.590, Test Acc: 64.590, Total Time: 262.502s
Train Epoch: 50, Total Sample: 10000, Train Acc: 87.910, Test Acc: 63.250, Total Time: 267.734s
Train Epoch: 51, Total Sample: 10000, Train Acc: 88.590, Test Acc: 64.020, Total Time: 272.890s
Train Epoch: 52, Total Sample: 10000, Train Acc: 82.360, Test Acc: 60.450, Total Time: 278.301s
Train Epoch: 53, Total Sample: 10000, Train Acc: 89.450, Test Acc: 63.870, Total Time: 283.367s
Train Epoch: 54, Total Sample: 10000, Train Acc: 88.490, Test Acc: 63.390, Total Time: 288.551s
Train Epoch: 55, Total Sample: 10000, Train Acc: 89.080, Test Acc: 64.460, Total Time: 293.790s
Train Epoch: 56, Total Sample: 10000, Train Acc: 89.570, Test Acc: 63.790, Total Time: 299.028s
Train Epoch: 57, Total Sample: 10000, Train Acc: 92.470, Test Acc: 64.820, Total Time: 304.237s
Train Epoch: 58, Total Sample: 10000, Train Acc: 88.770, Test Acc: 63.170, Total Time: 309.447s
Train Epoch: 59, Total Sample: 10000, Train Acc: 92.070, Test Acc: 64.880, Total Time: 314.673s
Train Epoch: 60, Total Sample: 10000, Train Acc: 93.260, Test Acc: 64.940, Total Time: 319.824s
Train Epoch: 61, Total Sample: 10000, Train Acc: 94.280, Test Acc: 66.250, Total Time: 325.063s
Train Epoch: 62, Total Sample: 10000, Train Acc: 92.860, Test Acc: 63.970, Total Time: 330.245s
Train Epoch: 63, Total Sample: 10000, Train Acc: 94.900, Test Acc: 64.780, Total Time: 335.387s
Train Epoch: 64, Total Sample: 10000, Train Acc: 95.360, Test Acc: 65.820, Total Time: 340.610s
Train Epoch: 65, Total Sample: 10000, Train Acc: 94.860, Test Acc: 64.850, Total Time: 345.855s
Train Epoch: 66, Total Sample: 10000, Train Acc: 95.040, Test Acc: 64.700, Total Time: 351.000s
Train Epoch: 67, Total Sample: 10000, Train Acc: 95.000, Test Acc: 65.990, Total Time: 356.183s
Train Epoch: 68, Total Sample: 10000, Train Acc: 95.090, Test Acc: 65.050, Total Time: 361.257s
Train Epoch: 69, Total Sample: 10000, Train Acc: 97.010, Test Acc: 65.560, Total Time: 366.378s
Train Epoch: 70, Total Sample: 10000, Train Acc: 96.500, Test Acc: 66.080, Total Time: 371.601s
Train Epoch: 71, Total Sample: 10000, Train Acc: 95.670, Test Acc: 65.260, Total Time: 376.814s
Train Epoch: 72, Total Sample: 10000, Train Acc: 96.960, Test Acc: 66.620, Total Time: 382.040s
Train Epoch: 73, Total Sample: 10000, Train Acc: 96.740, Test Acc: 66.070, Total Time: 387.182s
Train Epoch: 74, Total Sample: 10000, Train Acc: 97.720, Test Acc: 65.880, Total Time: 392.447s
Train Epoch: 75, Total Sample: 10000, Train Acc: 97.730, Test Acc: 66.690, Total Time: 397.613s
Train Epoch: 76, Total Sample: 10000, Train Acc: 97.520, Test Acc: 66.210, Total Time: 402.941s
Train Epoch: 77, Total Sample: 10000, Train Acc: 97.880, Test Acc: 66.410, Total Time: 408.263s
Train Epoch: 78, Total Sample: 10000, Train Acc: 98.040, Test Acc: 67.030, Total Time: 413.427s
Train Epoch: 79, Total Sample: 10000, Train Acc: 97.830, Test Acc: 66.810, Total Time: 418.658s
Train Epoch: 80, Total Sample: 10000, Train Acc: 98.170, Test Acc: 66.650, Total Time: 423.792s
Train Epoch: 81, Total Sample: 10000, Train Acc: 98.210, Test Acc: 66.870, Total Time: 429.066s
Train Epoch: 82, Total Sample: 10000, Train Acc: 98.390, Test Acc: 66.730, Total Time: 434.221s
Train Epoch: 83, Total Sample: 10000, Train Acc: 98.530, Test Acc: 66.740, Total Time: 439.446s
Train Epoch: 84, Total Sample: 10000, Train Acc: 98.510, Test Acc: 66.740, Total Time: 444.733s
Train Epoch: 85, Total Sample: 10000, Train Acc: 98.610, Test Acc: 66.840, Total Time: 449.886s
Train Epoch: 86, Total Sample: 10000, Train Acc: 98.450, Test Acc: 66.930, Total Time: 455.109s
Train Epoch: 87, Total Sample: 10000, Train Acc: 98.710, Test Acc: 67.090, Total Time: 460.451s
Train Epoch: 88, Total Sample: 10000, Train Acc: 98.800, Test Acc: 67.410, Total Time: 465.642s
Train Epoch: 89, Total Sample: 10000, Train Acc: 98.810, Test Acc: 67.640, Total Time: 470.849s
Train Epoch: 90, Total Sample: 10000, Train Acc: 98.750, Test Acc: 67.180, Total Time: 476.103s
Train Epoch: 91, Total Sample: 10000, Train Acc: 98.750, Test Acc: 66.840, Total Time: 481.279s
Train Epoch: 92, Total Sample: 10000, Train Acc: 98.910, Test Acc: 66.660, Total Time: 486.356s
Train Epoch: 93, Total Sample: 10000, Train Acc: 98.840, Test Acc: 67.550, Total Time: 491.543s
Train Epoch: 94, Total Sample: 10000, Train Acc: 98.640, Test Acc: 66.470, Total Time: 496.801s
Train Epoch: 95, Total Sample: 10000, Train Acc: 99.110, Test Acc: 66.820, Total Time: 502.053s
Train Epoch: 96, Total Sample: 10000, Train Acc: 98.950, Test Acc: 66.980, Total Time: 507.196s
Train Epoch: 97, Total Sample: 10000, Train Acc: 98.920, Test Acc: 66.980, Total Time: 512.324s
Train Epoch: 98, Total Sample: 10000, Train Acc: 98.910, Test Acc: 67.220, Total Time: 517.584s
Train Epoch: 99, Total Sample: 10000, Train Acc: 99.090, Test Acc: 66.710, Total Time: 522.683s
Train Epoch: 100, Total Sample: 10000, Train Acc: 98.900, Test Acc: 66.740, Total Time: 527.878s
Finish Training
add simple data augmentation!
add simple data augmentation!
Files already downloaded and verified
Files already downloaded and verified
Preparing dataloader!
dataset:  60000
target_train: 10000 	 target_inference: 10000 	 target_test: 10000
Train Epoch: 1, Total Sample: 10000, Train Acc: 35.470, Test Acc: 34.630, Total Time: 7.645s
Train Epoch: 2, Total Sample: 10000, Train Acc: 41.060, Test Acc: 39.880, Total Time: 13.019s
Train Epoch: 3, Total Sample: 10000, Train Acc: 40.770, Test Acc: 38.780, Total Time: 18.478s
Train Epoch: 4, Total Sample: 10000, Train Acc: 45.970, Test Acc: 44.160, Total Time: 23.854s
Train Epoch: 5, Total Sample: 10000, Train Acc: 46.630, Test Acc: 43.660, Total Time: 29.253s
Train Epoch: 6, Total Sample: 10000, Train Acc: 48.170, Test Acc: 44.740, Total Time: 34.601s
Train Epoch: 7, Total Sample: 10000, Train Acc: 47.670, Test Acc: 44.680, Total Time: 39.807s
Train Epoch: 8, Total Sample: 10000, Train Acc: 52.880, Test Acc: 48.020, Total Time: 45.176s
Train Epoch: 9, Total Sample: 10000, Train Acc: 48.870, Test Acc: 45.200, Total Time: 50.537s
Train Epoch: 10, Total Sample: 10000, Train Acc: 56.570, Test Acc: 50.130, Total Time: 55.933s
Train Epoch: 11, Total Sample: 10000, Train Acc: 58.260, Test Acc: 52.370, Total Time: 61.316s
Train Epoch: 12, Total Sample: 10000, Train Acc: 52.910, Test Acc: 47.830, Total Time: 66.757s
Train Epoch: 13, Total Sample: 10000, Train Acc: 58.490, Test Acc: 52.700, Total Time: 72.128s
Train Epoch: 14, Total Sample: 10000, Train Acc: 55.160, Test Acc: 49.880, Total Time: 77.448s
Train Epoch: 15, Total Sample: 10000, Train Acc: 56.320, Test Acc: 49.130, Total Time: 82.849s
Train Epoch: 16, Total Sample: 10000, Train Acc: 56.810, Test Acc: 51.390, Total Time: 88.327s
Train Epoch: 17, Total Sample: 10000, Train Acc: 57.490, Test Acc: 51.260, Total Time: 93.695s
Train Epoch: 18, Total Sample: 10000, Train Acc: 56.610, Test Acc: 49.500, Total Time: 99.074s
Train Epoch: 19, Total Sample: 10000, Train Acc: 61.900, Test Acc: 54.460, Total Time: 104.581s
Train Epoch: 20, Total Sample: 10000, Train Acc: 65.740, Test Acc: 56.760, Total Time: 109.950s
Train Epoch: 21, Total Sample: 10000, Train Acc: 66.420, Test Acc: 57.610, Total Time: 115.261s
Train Epoch: 22, Total Sample: 10000, Train Acc: 64.960, Test Acc: 55.850, Total Time: 120.671s
Train Epoch: 23, Total Sample: 10000, Train Acc: 67.950, Test Acc: 58.270, Total Time: 126.154s
Train Epoch: 24, Total Sample: 10000, Train Acc: 70.370, Test Acc: 58.200, Total Time: 131.648s
Train Epoch: 25, Total Sample: 10000, Train Acc: 69.140, Test Acc: 57.770, Total Time: 137.105s
Train Epoch: 26, Total Sample: 10000, Train Acc: 74.220, Test Acc: 61.060, Total Time: 142.541s
Train Epoch: 27, Total Sample: 10000, Train Acc: 69.760, Test Acc: 58.080, Total Time: 147.882s
Train Epoch: 28, Total Sample: 10000, Train Acc: 71.300, Test Acc: 57.920, Total Time: 153.172s
Train Epoch: 29, Total Sample: 10000, Train Acc: 68.500, Test Acc: 54.930, Total Time: 158.565s
Train Epoch: 30, Total Sample: 10000, Train Acc: 75.330, Test Acc: 60.880, Total Time: 163.915s
Train Epoch: 31, Total Sample: 10000, Train Acc: 69.100, Test Acc: 55.870, Total Time: 169.335s
Train Epoch: 32, Total Sample: 10000, Train Acc: 70.170, Test Acc: 55.780, Total Time: 174.620s
Train Epoch: 33, Total Sample: 10000, Train Acc: 77.800, Test Acc: 61.980, Total Time: 179.976s
Train Epoch: 34, Total Sample: 10000, Train Acc: 76.790, Test Acc: 60.590, Total Time: 185.404s
Train Epoch: 35, Total Sample: 10000, Train Acc: 68.260, Test Acc: 55.260, Total Time: 190.795s
Train Epoch: 36, Total Sample: 10000, Train Acc: 68.770, Test Acc: 55.440, Total Time: 196.151s
Train Epoch: 37, Total Sample: 10000, Train Acc: 80.850, Test Acc: 62.300, Total Time: 201.594s
Train Epoch: 38, Total Sample: 10000, Train Acc: 80.500, Test Acc: 61.920, Total Time: 206.886s
Train Epoch: 39, Total Sample: 10000, Train Acc: 80.180, Test Acc: 61.360, Total Time: 212.301s
Train Epoch: 40, Total Sample: 10000, Train Acc: 81.000, Test Acc: 61.160, Total Time: 217.761s
Train Epoch: 41, Total Sample: 10000, Train Acc: 79.460, Test Acc: 60.220, Total Time: 223.166s
Train Epoch: 42, Total Sample: 10000, Train Acc: 79.600, Test Acc: 60.190, Total Time: 228.547s
Train Epoch: 43, Total Sample: 10000, Train Acc: 79.490, Test Acc: 60.810, Total Time: 234.038s
Train Epoch: 44, Total Sample: 10000, Train Acc: 83.110, Test Acc: 61.120, Total Time: 239.586s
Train Epoch: 45, Total Sample: 10000, Train Acc: 85.230, Test Acc: 62.660, Total Time: 245.135s
Train Epoch: 46, Total Sample: 10000, Train Acc: 82.880, Test Acc: 60.190, Total Time: 250.443s
Train Epoch: 47, Total Sample: 10000, Train Acc: 81.610, Test Acc: 60.950, Total Time: 255.834s
Train Epoch: 48, Total Sample: 10000, Train Acc: 78.260, Test Acc: 57.910, Total Time: 261.255s
Train Epoch: 49, Total Sample: 10000, Train Acc: 83.200, Test Acc: 60.940, Total Time: 266.651s
Train Epoch: 50, Total Sample: 10000, Train Acc: 87.870, Test Acc: 62.170, Total Time: 272.169s
Train Epoch: 51, Total Sample: 10000, Train Acc: 83.750, Test Acc: 61.540, Total Time: 277.504s
Train Epoch: 52, Total Sample: 10000, Train Acc: 84.780, Test Acc: 60.840, Total Time: 282.869s
Train Epoch: 53, Total Sample: 10000, Train Acc: 88.240, Test Acc: 63.390, Total Time: 288.178s
Train Epoch: 54, Total Sample: 10000, Train Acc: 88.920, Test Acc: 62.350, Total Time: 293.561s
Train Epoch: 55, Total Sample: 10000, Train Acc: 90.840, Test Acc: 64.190, Total Time: 299.014s
Train Epoch: 56, Total Sample: 10000, Train Acc: 90.280, Test Acc: 63.210, Total Time: 304.384s
Train Epoch: 57, Total Sample: 10000, Train Acc: 91.570, Test Acc: 63.910, Total Time: 309.785s
Train Epoch: 58, Total Sample: 10000, Train Acc: 88.340, Test Acc: 62.190, Total Time: 315.230s
Train Epoch: 59, Total Sample: 10000, Train Acc: 92.020, Test Acc: 64.230, Total Time: 320.527s
Train Epoch: 60, Total Sample: 10000, Train Acc: 90.410, Test Acc: 62.570, Total Time: 326.108s
Train Epoch: 61, Total Sample: 10000, Train Acc: 92.480, Test Acc: 63.790, Total Time: 331.547s
Train Epoch: 62, Total Sample: 10000, Train Acc: 92.600, Test Acc: 63.780, Total Time: 336.945s
Train Epoch: 63, Total Sample: 10000, Train Acc: 94.580, Test Acc: 65.420, Total Time: 342.345s
Train Epoch: 64, Total Sample: 10000, Train Acc: 93.400, Test Acc: 63.550, Total Time: 347.722s
Train Epoch: 65, Total Sample: 10000, Train Acc: 95.470, Test Acc: 65.460, Total Time: 353.093s
Train Epoch: 66, Total Sample: 10000, Train Acc: 95.330, Test Acc: 64.480, Total Time: 358.444s
Train Epoch: 67, Total Sample: 10000, Train Acc: 95.470, Test Acc: 64.790, Total Time: 363.859s
Train Epoch: 68, Total Sample: 10000, Train Acc: 95.410, Test Acc: 65.240, Total Time: 369.199s
Train Epoch: 69, Total Sample: 10000, Train Acc: 95.370, Test Acc: 64.670, Total Time: 374.549s
Train Epoch: 70, Total Sample: 10000, Train Acc: 95.450, Test Acc: 64.540, Total Time: 380.002s
Train Epoch: 71, Total Sample: 10000, Train Acc: 96.610, Test Acc: 65.720, Total Time: 385.470s
Train Epoch: 72, Total Sample: 10000, Train Acc: 97.130, Test Acc: 64.790, Total Time: 390.920s
Train Epoch: 73, Total Sample: 10000, Train Acc: 96.460, Test Acc: 64.410, Total Time: 396.271s
Train Epoch: 74, Total Sample: 10000, Train Acc: 96.810, Test Acc: 65.420, Total Time: 401.643s
Train Epoch: 75, Total Sample: 10000, Train Acc: 97.120, Test Acc: 65.090, Total Time: 406.925s
Train Epoch: 76, Total Sample: 10000, Train Acc: 97.200, Test Acc: 65.250, Total Time: 412.430s
Train Epoch: 77, Total Sample: 10000, Train Acc: 97.560, Test Acc: 65.560, Total Time: 417.792s
Train Epoch: 78, Total Sample: 10000, Train Acc: 97.890, Test Acc: 65.560, Total Time: 423.213s
Train Epoch: 79, Total Sample: 10000, Train Acc: 97.590, Test Acc: 65.600, Total Time: 428.676s
Train Epoch: 80, Total Sample: 10000, Train Acc: 98.170, Test Acc: 66.330, Total Time: 434.063s
Train Epoch: 81, Total Sample: 10000, Train Acc: 98.200, Test Acc: 65.350, Total Time: 439.397s
Train Epoch: 82, Total Sample: 10000, Train Acc: 98.270, Test Acc: 65.530, Total Time: 444.726s
Train Epoch: 83, Total Sample: 10000, Train Acc: 98.100, Test Acc: 65.630, Total Time: 450.199s
Train Epoch: 84, Total Sample: 10000, Train Acc: 98.370, Test Acc: 65.460, Total Time: 455.724s
Train Epoch: 85, Total Sample: 10000, Train Acc: 98.560, Test Acc: 65.570, Total Time: 461.170s
Train Epoch: 86, Total Sample: 10000, Train Acc: 98.290, Test Acc: 66.490, Total Time: 466.502s
Train Epoch: 87, Total Sample: 10000, Train Acc: 98.450, Test Acc: 65.440, Total Time: 471.836s
Train Epoch: 88, Total Sample: 10000, Train Acc: 98.520, Test Acc: 65.950, Total Time: 477.294s
Train Epoch: 89, Total Sample: 10000, Train Acc: 98.670, Test Acc: 65.720, Total Time: 482.640s
Train Epoch: 90, Total Sample: 10000, Train Acc: 98.420, Test Acc: 66.360, Total Time: 488.054s
Train Epoch: 91, Total Sample: 10000, Train Acc: 98.640, Test Acc: 65.730, Total Time: 493.418s
Train Epoch: 92, Total Sample: 10000, Train Acc: 98.690, Test Acc: 65.510, Total Time: 498.852s
Train Epoch: 93, Total Sample: 10000, Train Acc: 98.800, Test Acc: 65.640, Total Time: 504.178s
Train Epoch: 94, Total Sample: 10000, Train Acc: 98.680, Test Acc: 65.360, Total Time: 509.557s
Train Epoch: 95, Total Sample: 10000, Train Acc: 98.550, Test Acc: 65.770, Total Time: 514.931s
Train Epoch: 96, Total Sample: 10000, Train Acc: 98.510, Test Acc: 65.920, Total Time: 520.352s
Train Epoch: 97, Total Sample: 10000, Train Acc: 98.700, Test Acc: 65.820, Total Time: 525.966s
Train Epoch: 98, Total Sample: 10000, Train Acc: 98.730, Test Acc: 65.500, Total Time: 531.285s
Train Epoch: 99, Total Sample: 10000, Train Acc: 98.960, Test Acc: 65.480, Total Time: 536.612s
Train Epoch: 100, Total Sample: 10000, Train Acc: 98.760, Test Acc: 66.180, Total Time: 541.940s
Finish Training
add simple data augmentation!
add simple data augmentation!
Files already downloaded and verified
Files already downloaded and verified
Preparing dataloader!
dataset:  60000
target_train: 10000 	 target_inference: 10000 	 target_test: 10000
Train Epoch: 1, Total Sample: 10000, Train Acc: 28.470, Test Acc: 28.180, Total Time: 7.578s
Train Epoch: 2, Total Sample: 10000, Train Acc: 39.680, Test Acc: 38.360, Total Time: 12.729s
Train Epoch: 3, Total Sample: 10000, Train Acc: 42.270, Test Acc: 40.090, Total Time: 17.810s
Train Epoch: 4, Total Sample: 10000, Train Acc: 47.870, Test Acc: 44.000, Total Time: 23.018s
Train Epoch: 5, Total Sample: 10000, Train Acc: 48.020, Test Acc: 45.430, Total Time: 28.030s
Train Epoch: 6, Total Sample: 10000, Train Acc: 48.520, Test Acc: 45.200, Total Time: 33.158s
Train Epoch: 7, Total Sample: 10000, Train Acc: 48.370, Test Acc: 45.510, Total Time: 38.293s
Train Epoch: 8, Total Sample: 10000, Train Acc: 36.210, Test Acc: 34.730, Total Time: 43.422s
Train Epoch: 9, Total Sample: 10000, Train Acc: 10.620, Test Acc: 9.670, Total Time: 48.441s
Train Epoch: 10, Total Sample: 10000, Train Acc: 10.620, Test Acc: 9.670, Total Time: 53.517s
Train Epoch: 11, Total Sample: 10000, Train Acc: 10.620, Test Acc: 9.670, Total Time: 58.862s
Train Epoch: 12, Total Sample: 10000, Train Acc: 10.620, Test Acc: 9.670, Total Time: 64.194s
Train Epoch: 13, Total Sample: 10000, Train Acc: 10.620, Test Acc: 9.670, Total Time: 69.391s
Train Epoch: 14, Total Sample: 10000, Train Acc: 10.620, Test Acc: 9.670, Total Time: 74.501s
Train Epoch: 15, Total Sample: 10000, Train Acc: 10.620, Test Acc: 9.670, Total Time: 79.686s
Train Epoch: 16, Total Sample: 10000, Train Acc: 10.620, Test Acc: 9.670, Total Time: 84.692s
Train Epoch: 17, Total Sample: 10000, Train Acc: 10.620, Test Acc: 9.670, Total Time: 90.013s
Train Epoch: 18, Total Sample: 10000, Train Acc: 10.620, Test Acc: 9.670, Total Time: 95.112s
Train Epoch: 19, Total Sample: 10000, Train Acc: 10.620, Test Acc: 9.670, Total Time: 100.355s
Train Epoch: 20, Total Sample: 10000, Train Acc: 10.620, Test Acc: 9.670, Total Time: 105.454s
Train Epoch: 21, Total Sample: 10000, Train Acc: 10.620, Test Acc: 9.670, Total Time: 110.691s
Train Epoch: 22, Total Sample: 10000, Train Acc: 10.620, Test Acc: 9.670, Total Time: 115.891s
Train Epoch: 23, Total Sample: 10000, Train Acc: 10.620, Test Acc: 9.670, Total Time: 121.056s
Train Epoch: 24, Total Sample: 10000, Train Acc: 10.620, Test Acc: 9.670, Total Time: 126.236s
Train Epoch: 25, Total Sample: 10000, Train Acc: 10.620, Test Acc: 9.670, Total Time: 131.237s
Train Epoch: 26, Total Sample: 10000, Train Acc: 10.620, Test Acc: 9.670, Total Time: 136.826s
Train Epoch: 27, Total Sample: 10000, Train Acc: 10.620, Test Acc: 9.670, Total Time: 142.225s
Train Epoch: 28, Total Sample: 10000, Train Acc: 10.620, Test Acc: 9.670, Total Time: 147.451s
Train Epoch: 29, Total Sample: 10000, Train Acc: 10.620, Test Acc: 9.670, Total Time: 152.660s
Train Epoch: 30, Total Sample: 10000, Train Acc: 10.620, Test Acc: 9.670, Total Time: 157.923s
Train Epoch: 31, Total Sample: 10000, Train Acc: 10.620, Test Acc: 9.670, Total Time: 163.286s
Train Epoch: 32, Total Sample: 10000, Train Acc: 10.620, Test Acc: 9.670, Total Time: 168.387s
Train Epoch: 33, Total Sample: 10000, Train Acc: 10.620, Test Acc: 9.670, Total Time: 173.405s
Train Epoch: 34, Total Sample: 10000, Train Acc: 10.620, Test Acc: 9.670, Total Time: 178.491s
Train Epoch: 35, Total Sample: 10000, Train Acc: 10.620, Test Acc: 9.670, Total Time: 183.591s
Train Epoch: 36, Total Sample: 10000, Train Acc: 10.620, Test Acc: 9.670, Total Time: 188.751s
Train Epoch: 37, Total Sample: 10000, Train Acc: 10.620, Test Acc: 9.670, Total Time: 194.004s
Train Epoch: 38, Total Sample: 10000, Train Acc: 10.620, Test Acc: 9.670, Total Time: 199.047s
Train Epoch: 39, Total Sample: 10000, Train Acc: 10.620, Test Acc: 9.670, Total Time: 204.064s
Train Epoch: 40, Total Sample: 10000, Train Acc: 10.620, Test Acc: 9.670, Total Time: 209.188s
Train Epoch: 41, Total Sample: 10000, Train Acc: 10.620, Test Acc: 9.670, Total Time: 214.451s
Train Epoch: 42, Total Sample: 10000, Train Acc: 10.620, Test Acc: 9.670, Total Time: 219.665s
Train Epoch: 43, Total Sample: 10000, Train Acc: 10.620, Test Acc: 9.670, Total Time: 225.012s
Train Epoch: 44, Total Sample: 10000, Train Acc: 10.620, Test Acc: 9.670, Total Time: 230.130s
Train Epoch: 45, Total Sample: 10000, Train Acc: 10.620, Test Acc: 9.670, Total Time: 235.309s
Train Epoch: 46, Total Sample: 10000, Train Acc: 10.620, Test Acc: 9.670, Total Time: 240.454s
Train Epoch: 47, Total Sample: 10000, Train Acc: 10.620, Test Acc: 9.670, Total Time: 245.602s
Train Epoch: 48, Total Sample: 10000, Train Acc: 10.620, Test Acc: 9.670, Total Time: 250.783s
Train Epoch: 49, Total Sample: 10000, Train Acc: 10.620, Test Acc: 9.670, Total Time: 255.872s
Train Epoch: 50, Total Sample: 10000, Train Acc: 10.620, Test Acc: 9.670, Total Time: 261.010s
Train Epoch: 51, Total Sample: 10000, Train Acc: 10.620, Test Acc: 9.670, Total Time: 266.190s
Train Epoch: 52, Total Sample: 10000, Train Acc: 10.620, Test Acc: 9.670, Total Time: 271.340s
Train Epoch: 53, Total Sample: 10000, Train Acc: 10.620, Test Acc: 9.670, Total Time: 276.466s
Train Epoch: 54, Total Sample: 10000, Train Acc: 10.620, Test Acc: 9.670, Total Time: 281.681s
Train Epoch: 55, Total Sample: 10000, Train Acc: 10.620, Test Acc: 9.670, Total Time: 286.910s
Train Epoch: 56, Total Sample: 10000, Train Acc: 10.620, Test Acc: 9.670, Total Time: 292.149s
Train Epoch: 57, Total Sample: 10000, Train Acc: 10.620, Test Acc: 9.670, Total Time: 297.266s
Train Epoch: 58, Total Sample: 10000, Train Acc: 10.620, Test Acc: 9.670, Total Time: 302.402s
Train Epoch: 59, Total Sample: 10000, Train Acc: 10.620, Test Acc: 9.670, Total Time: 307.460s
Train Epoch: 60, Total Sample: 10000, Train Acc: 10.620, Test Acc: 9.670, Total Time: 312.584s
Train Epoch: 61, Total Sample: 10000, Train Acc: 10.620, Test Acc: 9.670, Total Time: 317.758s
Train Epoch: 62, Total Sample: 10000, Train Acc: 10.620, Test Acc: 9.670, Total Time: 322.803s
Train Epoch: 63, Total Sample: 10000, Train Acc: 10.620, Test Acc: 9.670, Total Time: 327.940s
Train Epoch: 64, Total Sample: 10000, Train Acc: 10.620, Test Acc: 9.670, Total Time: 333.157s
Train Epoch: 65, Total Sample: 10000, Train Acc: 10.620, Test Acc: 9.670, Total Time: 338.267s
Train Epoch: 66, Total Sample: 10000, Train Acc: 10.620, Test Acc: 9.670, Total Time: 343.401s
Train Epoch: 67, Total Sample: 10000, Train Acc: 10.620, Test Acc: 9.670, Total Time: 348.520s
Train Epoch: 68, Total Sample: 10000, Train Acc: 10.620, Test Acc: 9.670, Total Time: 353.709s
Train Epoch: 69, Total Sample: 10000, Train Acc: 10.620, Test Acc: 9.670, Total Time: 358.982s
Train Epoch: 70, Total Sample: 10000, Train Acc: 10.620, Test Acc: 9.670, Total Time: 364.153s
Train Epoch: 71, Total Sample: 10000, Train Acc: 10.620, Test Acc: 9.670, Total Time: 369.431s
Train Epoch: 72, Total Sample: 10000, Train Acc: 10.620, Test Acc: 9.670, Total Time: 374.589s
Train Epoch: 73, Total Sample: 10000, Train Acc: 10.620, Test Acc: 9.670, Total Time: 379.874s
Train Epoch: 74, Total Sample: 10000, Train Acc: 10.620, Test Acc: 9.670, Total Time: 385.028s
Train Epoch: 75, Total Sample: 10000, Train Acc: 10.620, Test Acc: 9.670, Total Time: 390.224s
Train Epoch: 76, Total Sample: 10000, Train Acc: 10.620, Test Acc: 9.670, Total Time: 395.245s
Train Epoch: 77, Total Sample: 10000, Train Acc: 10.620, Test Acc: 9.670, Total Time: 400.366s
Train Epoch: 78, Total Sample: 10000, Train Acc: 10.620, Test Acc: 9.670, Total Time: 405.564s
Train Epoch: 79, Total Sample: 10000, Train Acc: 10.620, Test Acc: 9.670, Total Time: 410.707s
Train Epoch: 80, Total Sample: 10000, Train Acc: 10.620, Test Acc: 9.670, Total Time: 416.119s
Train Epoch: 81, Total Sample: 10000, Train Acc: 10.620, Test Acc: 9.670, Total Time: 421.443s
Train Epoch: 82, Total Sample: 10000, Train Acc: 10.620, Test Acc: 9.670, Total Time: 426.463s
Train Epoch: 83, Total Sample: 10000, Train Acc: 10.620, Test Acc: 9.670, Total Time: 431.731s
Train Epoch: 84, Total Sample: 10000, Train Acc: 10.620, Test Acc: 9.670, Total Time: 436.972s
Train Epoch: 85, Total Sample: 10000, Train Acc: 10.620, Test Acc: 9.670, Total Time: 442.058s
Train Epoch: 86, Total Sample: 10000, Train Acc: 10.620, Test Acc: 9.670, Total Time: 447.238s
Train Epoch: 87, Total Sample: 10000, Train Acc: 10.620, Test Acc: 9.670, Total Time: 452.336s
Train Epoch: 88, Total Sample: 10000, Train Acc: 10.620, Test Acc: 9.670, Total Time: 457.658s
Train Epoch: 89, Total Sample: 10000, Train Acc: 10.620, Test Acc: 9.670, Total Time: 462.773s
Train Epoch: 90, Total Sample: 10000, Train Acc: 10.620, Test Acc: 9.670, Total Time: 467.977s
Train Epoch: 91, Total Sample: 10000, Train Acc: 10.620, Test Acc: 9.670, Total Time: 473.133s
Train Epoch: 92, Total Sample: 10000, Train Acc: 10.620, Test Acc: 9.670, Total Time: 478.278s
Train Epoch: 93, Total Sample: 10000, Train Acc: 10.620, Test Acc: 9.670, Total Time: 483.471s
Train Epoch: 94, Total Sample: 10000, Train Acc: 10.620, Test Acc: 9.670, Total Time: 488.850s
Train Epoch: 95, Total Sample: 10000, Train Acc: 10.620, Test Acc: 9.670, Total Time: 493.944s
Train Epoch: 96, Total Sample: 10000, Train Acc: 10.620, Test Acc: 9.670, Total Time: 499.170s
Train Epoch: 97, Total Sample: 10000, Train Acc: 10.620, Test Acc: 9.670, Total Time: 504.459s
Train Epoch: 98, Total Sample: 10000, Train Acc: 10.620, Test Acc: 9.670, Total Time: 509.644s
Train Epoch: 99, Total Sample: 10000, Train Acc: 10.620, Test Acc: 9.670, Total Time: 514.625s
Train Epoch: 100, Total Sample: 10000, Train Acc: 10.620, Test Acc: 9.670, Total Time: 519.864s
Finish Training
add simple data augmentation!
add simple data augmentation!
Files already downloaded and verified
Files already downloaded and verified
Preparing dataloader!
dataset:  60000
target_train: 10000 	 target_inference: 10000 	 target_test: 10000
Train Epoch: 1, Total Sample: 10000, Train Acc: 25.380, Test Acc: 24.240, Total Time: 7.139s
Train Epoch: 2, Total Sample: 10000, Train Acc: 22.800, Test Acc: 23.100, Total Time: 11.952s
Train Epoch: 3, Total Sample: 10000, Train Acc: 28.360, Test Acc: 27.280, Total Time: 16.678s
Train Epoch: 4, Total Sample: 10000, Train Acc: 27.490, Test Acc: 27.130, Total Time: 21.462s
Train Epoch: 5, Total Sample: 10000, Train Acc: 31.120, Test Acc: 29.150, Total Time: 26.257s
Train Epoch: 6, Total Sample: 10000, Train Acc: 31.810, Test Acc: 30.810, Total Time: 31.095s
Train Epoch: 7, Total Sample: 10000, Train Acc: 27.620, Test Acc: 28.110, Total Time: 35.801s
Train Epoch: 8, Total Sample: 10000, Train Acc: 32.470, Test Acc: 30.690, Total Time: 40.550s
Train Epoch: 9, Total Sample: 10000, Train Acc: 34.600, Test Acc: 33.190, Total Time: 45.238s
Train Epoch: 10, Total Sample: 10000, Train Acc: 33.000, Test Acc: 32.630, Total Time: 50.039s
Train Epoch: 11, Total Sample: 10000, Train Acc: 36.310, Test Acc: 34.490, Total Time: 54.948s
Train Epoch: 12, Total Sample: 10000, Train Acc: 35.020, Test Acc: 33.610, Total Time: 59.672s
Train Epoch: 13, Total Sample: 10000, Train Acc: 38.230, Test Acc: 36.500, Total Time: 64.532s
Train Epoch: 14, Total Sample: 10000, Train Acc: 37.830, Test Acc: 36.120, Total Time: 69.345s
Train Epoch: 15, Total Sample: 10000, Train Acc: 39.140, Test Acc: 37.730, Total Time: 74.094s
Train Epoch: 16, Total Sample: 10000, Train Acc: 34.140, Test Acc: 32.810, Total Time: 78.921s
Train Epoch: 17, Total Sample: 10000, Train Acc: 36.300, Test Acc: 35.000, Total Time: 83.839s
Train Epoch: 18, Total Sample: 10000, Train Acc: 40.450, Test Acc: 39.310, Total Time: 88.839s
Train Epoch: 19, Total Sample: 10000, Train Acc: 37.890, Test Acc: 36.520, Total Time: 93.776s
Train Epoch: 20, Total Sample: 10000, Train Acc: 36.850, Test Acc: 34.950, Total Time: 98.503s
Train Epoch: 21, Total Sample: 10000, Train Acc: 40.050, Test Acc: 38.310, Total Time: 103.250s
Train Epoch: 22, Total Sample: 10000, Train Acc: 40.520, Test Acc: 38.980, Total Time: 108.067s
Train Epoch: 23, Total Sample: 10000, Train Acc: 41.930, Test Acc: 39.590, Total Time: 112.860s
Train Epoch: 24, Total Sample: 10000, Train Acc: 40.400, Test Acc: 38.860, Total Time: 117.642s
Train Epoch: 25, Total Sample: 10000, Train Acc: 32.670, Test Acc: 31.720, Total Time: 122.524s
Train Epoch: 26, Total Sample: 10000, Train Acc: 40.450, Test Acc: 38.660, Total Time: 127.335s
Train Epoch: 27, Total Sample: 10000, Train Acc: 38.500, Test Acc: 37.040, Total Time: 132.063s
Train Epoch: 28, Total Sample: 10000, Train Acc: 32.290, Test Acc: 32.330, Total Time: 136.847s
Train Epoch: 29, Total Sample: 10000, Train Acc: 35.800, Test Acc: 34.730, Total Time: 141.773s
Train Epoch: 30, Total Sample: 10000, Train Acc: 40.510, Test Acc: 38.660, Total Time: 146.534s
Train Epoch: 31, Total Sample: 10000, Train Acc: 42.710, Test Acc: 41.110, Total Time: 151.387s
Train Epoch: 32, Total Sample: 10000, Train Acc: 42.960, Test Acc: 40.810, Total Time: 156.158s
Train Epoch: 33, Total Sample: 10000, Train Acc: 39.510, Test Acc: 38.150, Total Time: 160.783s
Train Epoch: 34, Total Sample: 10000, Train Acc: 42.250, Test Acc: 40.420, Total Time: 165.584s
Train Epoch: 35, Total Sample: 10000, Train Acc: 41.160, Test Acc: 39.230, Total Time: 170.465s
Train Epoch: 36, Total Sample: 10000, Train Acc: 43.260, Test Acc: 41.220, Total Time: 175.216s
Train Epoch: 37, Total Sample: 10000, Train Acc: 44.180, Test Acc: 41.910, Total Time: 179.920s
Train Epoch: 38, Total Sample: 10000, Train Acc: 44.110, Test Acc: 41.430, Total Time: 184.781s
Train Epoch: 39, Total Sample: 10000, Train Acc: 44.630, Test Acc: 42.090, Total Time: 189.476s
Train Epoch: 40, Total Sample: 10000, Train Acc: 46.250, Test Acc: 43.870, Total Time: 194.190s
Train Epoch: 41, Total Sample: 10000, Train Acc: 45.770, Test Acc: 43.160, Total Time: 198.973s
Train Epoch: 42, Total Sample: 10000, Train Acc: 45.770, Test Acc: 43.670, Total Time: 203.813s
Train Epoch: 43, Total Sample: 10000, Train Acc: 44.930, Test Acc: 43.230, Total Time: 208.545s
Train Epoch: 44, Total Sample: 10000, Train Acc: 45.060, Test Acc: 42.900, Total Time: 213.337s
Train Epoch: 45, Total Sample: 10000, Train Acc: 44.740, Test Acc: 43.300, Total Time: 218.111s
Train Epoch: 46, Total Sample: 10000, Train Acc: 43.910, Test Acc: 42.010, Total Time: 222.775s
Train Epoch: 47, Total Sample: 10000, Train Acc: 45.850, Test Acc: 43.270, Total Time: 227.586s
Train Epoch: 48, Total Sample: 10000, Train Acc: 45.340, Test Acc: 43.320, Total Time: 232.360s
Train Epoch: 49, Total Sample: 10000, Train Acc: 48.890, Test Acc: 45.440, Total Time: 237.025s
Train Epoch: 50, Total Sample: 10000, Train Acc: 47.820, Test Acc: 45.170, Total Time: 241.659s
Train Epoch: 51, Total Sample: 10000, Train Acc: 48.510, Test Acc: 45.590, Total Time: 246.332s
Train Epoch: 52, Total Sample: 10000, Train Acc: 48.010, Test Acc: 45.080, Total Time: 251.051s
Train Epoch: 53, Total Sample: 10000, Train Acc: 49.180, Test Acc: 46.230, Total Time: 255.818s
Train Epoch: 54, Total Sample: 10000, Train Acc: 47.530, Test Acc: 44.840, Total Time: 260.604s
Train Epoch: 55, Total Sample: 10000, Train Acc: 48.350, Test Acc: 45.540, Total Time: 265.373s
Train Epoch: 56, Total Sample: 10000, Train Acc: 45.610, Test Acc: 43.130, Total Time: 270.005s
Train Epoch: 57, Total Sample: 10000, Train Acc: 50.390, Test Acc: 46.520, Total Time: 274.792s
Train Epoch: 58, Total Sample: 10000, Train Acc: 48.260, Test Acc: 45.300, Total Time: 279.538s
Train Epoch: 59, Total Sample: 10000, Train Acc: 50.980, Test Acc: 47.550, Total Time: 284.341s
Train Epoch: 60, Total Sample: 10000, Train Acc: 50.930, Test Acc: 47.540, Total Time: 289.016s
Train Epoch: 61, Total Sample: 10000, Train Acc: 52.760, Test Acc: 47.950, Total Time: 293.826s
Train Epoch: 62, Total Sample: 10000, Train Acc: 52.230, Test Acc: 47.960, Total Time: 298.673s
Train Epoch: 63, Total Sample: 10000, Train Acc: 52.920, Test Acc: 48.980, Total Time: 303.427s
Train Epoch: 64, Total Sample: 10000, Train Acc: 47.410, Test Acc: 44.890, Total Time: 308.147s
Train Epoch: 65, Total Sample: 10000, Train Acc: 51.330, Test Acc: 47.750, Total Time: 313.146s
Train Epoch: 66, Total Sample: 10000, Train Acc: 53.250, Test Acc: 48.670, Total Time: 318.079s
Train Epoch: 67, Total Sample: 10000, Train Acc: 53.940, Test Acc: 49.490, Total Time: 322.852s
Train Epoch: 68, Total Sample: 10000, Train Acc: 53.170, Test Acc: 48.620, Total Time: 327.614s
Train Epoch: 69, Total Sample: 10000, Train Acc: 54.840, Test Acc: 49.960, Total Time: 332.385s
Train Epoch: 70, Total Sample: 10000, Train Acc: 54.620, Test Acc: 50.020, Total Time: 337.198s
Train Epoch: 71, Total Sample: 10000, Train Acc: 54.820, Test Acc: 50.360, Total Time: 342.074s
Train Epoch: 72, Total Sample: 10000, Train Acc: 54.970, Test Acc: 50.030, Total Time: 346.856s
Train Epoch: 73, Total Sample: 10000, Train Acc: 55.100, Test Acc: 50.080, Total Time: 351.624s
Train Epoch: 74, Total Sample: 10000, Train Acc: 55.150, Test Acc: 50.790, Total Time: 356.345s
Train Epoch: 75, Total Sample: 10000, Train Acc: 54.630, Test Acc: 50.350, Total Time: 361.143s
Train Epoch: 76, Total Sample: 10000, Train Acc: 55.710, Test Acc: 50.500, Total Time: 365.917s
Train Epoch: 77, Total Sample: 10000, Train Acc: 56.340, Test Acc: 50.990, Total Time: 370.644s
Train Epoch: 78, Total Sample: 10000, Train Acc: 56.340, Test Acc: 51.060, Total Time: 375.612s
Train Epoch: 79, Total Sample: 10000, Train Acc: 56.500, Test Acc: 51.380, Total Time: 380.294s
Train Epoch: 80, Total Sample: 10000, Train Acc: 56.360, Test Acc: 51.500, Total Time: 385.115s
Train Epoch: 81, Total Sample: 10000, Train Acc: 57.000, Test Acc: 51.100, Total Time: 390.098s
Train Epoch: 82, Total Sample: 10000, Train Acc: 57.260, Test Acc: 51.400, Total Time: 394.846s
Train Epoch: 83, Total Sample: 10000, Train Acc: 57.940, Test Acc: 52.040, Total Time: 399.648s
Train Epoch: 84, Total Sample: 10000, Train Acc: 57.070, Test Acc: 51.810, Total Time: 404.512s
Train Epoch: 85, Total Sample: 10000, Train Acc: 57.730, Test Acc: 51.950, Total Time: 409.185s
Train Epoch: 86, Total Sample: 10000, Train Acc: 57.450, Test Acc: 52.520, Total Time: 413.973s
Train Epoch: 87, Total Sample: 10000, Train Acc: 58.370, Test Acc: 51.950, Total Time: 418.783s
Train Epoch: 88, Total Sample: 10000, Train Acc: 57.580, Test Acc: 52.360, Total Time: 423.534s
Train Epoch: 89, Total Sample: 10000, Train Acc: 58.100, Test Acc: 52.360, Total Time: 428.289s
Train Epoch: 90, Total Sample: 10000, Train Acc: 57.860, Test Acc: 51.690, Total Time: 433.091s
Train Epoch: 91, Total Sample: 10000, Train Acc: 58.240, Test Acc: 52.580, Total Time: 437.875s
Train Epoch: 92, Total Sample: 10000, Train Acc: 58.530, Test Acc: 52.640, Total Time: 442.600s
Train Epoch: 93, Total Sample: 10000, Train Acc: 58.200, Test Acc: 51.850, Total Time: 447.469s
Train Epoch: 94, Total Sample: 10000, Train Acc: 57.770, Test Acc: 52.440, Total Time: 452.295s
Train Epoch: 95, Total Sample: 10000, Train Acc: 58.400, Test Acc: 51.900, Total Time: 457.312s
Train Epoch: 96, Total Sample: 10000, Train Acc: 58.790, Test Acc: 52.180, Total Time: 462.005s
Train Epoch: 97, Total Sample: 10000, Train Acc: 58.080, Test Acc: 52.320, Total Time: 466.780s
Train Epoch: 98, Total Sample: 10000, Train Acc: 57.950, Test Acc: 52.580, Total Time: 471.453s
Train Epoch: 99, Total Sample: 10000, Train Acc: 58.490, Test Acc: 52.600, Total Time: 476.319s
Train Epoch: 100, Total Sample: 10000, Train Acc: 58.150, Test Acc: 52.080, Total Time: 481.794s
Finish Training
add simple data augmentation!
add simple data augmentation!
Files already downloaded and verified
Files already downloaded and verified
Preparing dataloader!
dataset:  60000
target_train: 10000 	 target_inference: 10000 	 target_test: 10000
Train Epoch: 1, Total Sample: 10000, Train Acc: 25.380, Test Acc: 24.240, Total Time: 8.417s
Train Epoch: 2, Total Sample: 10000, Train Acc: 28.240, Test Acc: 28.180, Total Time: 14.035s
Train Epoch: 3, Total Sample: 10000, Train Acc: 24.250, Test Acc: 24.040, Total Time: 19.646s
Train Epoch: 4, Total Sample: 10000, Train Acc: 30.150, Test Acc: 29.560, Total Time: 25.251s
Train Epoch: 5, Total Sample: 10000, Train Acc: 28.880, Test Acc: 28.550, Total Time: 30.912s
Train Epoch: 6, Total Sample: 10000, Train Acc: 31.850, Test Acc: 31.170, Total Time: 36.539s
Train Epoch: 7, Total Sample: 10000, Train Acc: 30.450, Test Acc: 29.180, Total Time: 42.160s
Train Epoch: 8, Total Sample: 10000, Train Acc: 34.620, Test Acc: 33.240, Total Time: 47.789s
Train Epoch: 9, Total Sample: 10000, Train Acc: 35.540, Test Acc: 34.970, Total Time: 53.419s
Train Epoch: 10, Total Sample: 10000, Train Acc: 29.800, Test Acc: 28.800, Total Time: 59.048s
Train Epoch: 11, Total Sample: 10000, Train Acc: 27.600, Test Acc: 26.820, Total Time: 64.639s
Train Epoch: 12, Total Sample: 10000, Train Acc: 32.610, Test Acc: 31.340, Total Time: 70.250s
Train Epoch: 13, Total Sample: 10000, Train Acc: 37.830, Test Acc: 36.690, Total Time: 75.881s
Train Epoch: 14, Total Sample: 10000, Train Acc: 30.760, Test Acc: 29.620, Total Time: 81.490s
Train Epoch: 15, Total Sample: 10000, Train Acc: 24.530, Test Acc: 24.380, Total Time: 87.109s
Train Epoch: 16, Total Sample: 10000, Train Acc: 31.240, Test Acc: 29.590, Total Time: 92.715s
Train Epoch: 17, Total Sample: 10000, Train Acc: 35.820, Test Acc: 34.670, Total Time: 98.322s
Train Epoch: 18, Total Sample: 10000, Train Acc: 35.340, Test Acc: 34.310, Total Time: 103.946s
Train Epoch: 19, Total Sample: 10000, Train Acc: 34.880, Test Acc: 32.800, Total Time: 109.544s
Train Epoch: 20, Total Sample: 10000, Train Acc: 37.450, Test Acc: 35.680, Total Time: 115.178s
Train Epoch: 21, Total Sample: 10000, Train Acc: 39.610, Test Acc: 38.580, Total Time: 120.805s
Train Epoch: 22, Total Sample: 10000, Train Acc: 40.810, Test Acc: 38.460, Total Time: 126.453s
Train Epoch: 23, Total Sample: 10000, Train Acc: 39.510, Test Acc: 38.410, Total Time: 132.078s
Train Epoch: 24, Total Sample: 10000, Train Acc: 38.310, Test Acc: 36.660, Total Time: 137.676s
Train Epoch: 25, Total Sample: 10000, Train Acc: 32.510, Test Acc: 31.110, Total Time: 143.286s
Train Epoch: 26, Total Sample: 10000, Train Acc: 40.010, Test Acc: 39.020, Total Time: 148.921s
Train Epoch: 27, Total Sample: 10000, Train Acc: 36.610, Test Acc: 35.180, Total Time: 154.549s
Train Epoch: 28, Total Sample: 10000, Train Acc: 37.570, Test Acc: 36.250, Total Time: 160.166s
Train Epoch: 29, Total Sample: 10000, Train Acc: 34.740, Test Acc: 33.860, Total Time: 165.816s
Train Epoch: 30, Total Sample: 10000, Train Acc: 40.220, Test Acc: 38.860, Total Time: 171.445s
Train Epoch: 31, Total Sample: 10000, Train Acc: 36.400, Test Acc: 34.950, Total Time: 177.030s
Train Epoch: 32, Total Sample: 10000, Train Acc: 38.900, Test Acc: 38.180, Total Time: 182.651s
Train Epoch: 33, Total Sample: 10000, Train Acc: 42.750, Test Acc: 40.560, Total Time: 188.257s
Train Epoch: 34, Total Sample: 10000, Train Acc: 44.020, Test Acc: 42.970, Total Time: 193.865s
Train Epoch: 35, Total Sample: 10000, Train Acc: 45.120, Test Acc: 42.800, Total Time: 199.710s
Train Epoch: 36, Total Sample: 10000, Train Acc: 42.720, Test Acc: 41.830, Total Time: 205.594s
Train Epoch: 37, Total Sample: 10000, Train Acc: 42.240, Test Acc: 40.960, Total Time: 211.451s
Train Epoch: 38, Total Sample: 10000, Train Acc: 39.590, Test Acc: 38.980, Total Time: 217.343s
Train Epoch: 39, Total Sample: 10000, Train Acc: 44.470, Test Acc: 42.880, Total Time: 223.295s
Train Epoch: 40, Total Sample: 10000, Train Acc: 46.820, Test Acc: 45.300, Total Time: 229.156s
Train Epoch: 41, Total Sample: 10000, Train Acc: 46.800, Test Acc: 45.820, Total Time: 235.021s
Train Epoch: 42, Total Sample: 10000, Train Acc: 39.490, Test Acc: 37.920, Total Time: 240.894s
Train Epoch: 43, Total Sample: 10000, Train Acc: 42.620, Test Acc: 41.870, Total Time: 246.595s
Train Epoch: 44, Total Sample: 10000, Train Acc: 40.260, Test Acc: 38.750, Total Time: 252.256s
Train Epoch: 45, Total Sample: 10000, Train Acc: 45.150, Test Acc: 43.700, Total Time: 257.899s
Train Epoch: 46, Total Sample: 10000, Train Acc: 48.780, Test Acc: 47.230, Total Time: 263.538s
Train Epoch: 47, Total Sample: 10000, Train Acc: 42.070, Test Acc: 40.790, Total Time: 269.185s
Train Epoch: 48, Total Sample: 10000, Train Acc: 45.170, Test Acc: 43.280, Total Time: 274.816s
Train Epoch: 49, Total Sample: 10000, Train Acc: 46.980, Test Acc: 45.860, Total Time: 280.454s
Train Epoch: 50, Total Sample: 10000, Train Acc: 44.930, Test Acc: 43.110, Total Time: 286.084s
Train Epoch: 51, Total Sample: 10000, Train Acc: 46.530, Test Acc: 44.120, Total Time: 291.745s
Train Epoch: 52, Total Sample: 10000, Train Acc: 47.180, Test Acc: 45.640, Total Time: 297.659s
Train Epoch: 53, Total Sample: 10000, Train Acc: 48.820, Test Acc: 46.590, Total Time: 303.464s
Train Epoch: 54, Total Sample: 10000, Train Acc: 49.340, Test Acc: 46.530, Total Time: 309.103s
Train Epoch: 55, Total Sample: 10000, Train Acc: 47.640, Test Acc: 46.050, Total Time: 314.763s
Train Epoch: 56, Total Sample: 10000, Train Acc: 48.400, Test Acc: 46.050, Total Time: 320.397s
Train Epoch: 57, Total Sample: 10000, Train Acc: 46.720, Test Acc: 44.860, Total Time: 326.022s
Train Epoch: 58, Total Sample: 10000, Train Acc: 46.610, Test Acc: 44.740, Total Time: 331.650s
Train Epoch: 59, Total Sample: 10000, Train Acc: 45.430, Test Acc: 43.360, Total Time: 337.290s
Train Epoch: 60, Total Sample: 10000, Train Acc: 48.520, Test Acc: 46.610, Total Time: 342.912s
Train Epoch: 61, Total Sample: 10000, Train Acc: 53.140, Test Acc: 50.230, Total Time: 348.551s
Train Epoch: 62, Total Sample: 10000, Train Acc: 52.490, Test Acc: 49.810, Total Time: 354.186s
Train Epoch: 63, Total Sample: 10000, Train Acc: 51.350, Test Acc: 49.030, Total Time: 359.795s
Train Epoch: 64, Total Sample: 10000, Train Acc: 51.240, Test Acc: 48.400, Total Time: 365.411s
Train Epoch: 65, Total Sample: 10000, Train Acc: 46.830, Test Acc: 44.600, Total Time: 371.038s
Train Epoch: 66, Total Sample: 10000, Train Acc: 50.970, Test Acc: 48.330, Total Time: 376.716s
Train Epoch: 67, Total Sample: 10000, Train Acc: 51.430, Test Acc: 49.250, Total Time: 382.336s
Train Epoch: 68, Total Sample: 10000, Train Acc: 52.720, Test Acc: 49.120, Total Time: 387.981s
Train Epoch: 69, Total Sample: 10000, Train Acc: 51.210, Test Acc: 48.580, Total Time: 393.816s
Train Epoch: 70, Total Sample: 10000, Train Acc: 54.840, Test Acc: 51.130, Total Time: 399.665s
Train Epoch: 71, Total Sample: 10000, Train Acc: 51.770, Test Acc: 49.670, Total Time: 405.335s
Train Epoch: 72, Total Sample: 10000, Train Acc: 54.160, Test Acc: 50.860, Total Time: 410.941s
Train Epoch: 73, Total Sample: 10000, Train Acc: 53.990, Test Acc: 50.160, Total Time: 416.589s
Train Epoch: 74, Total Sample: 10000, Train Acc: 53.440, Test Acc: 49.570, Total Time: 422.195s
Train Epoch: 75, Total Sample: 10000, Train Acc: 43.810, Test Acc: 41.450, Total Time: 427.816s
Train Epoch: 76, Total Sample: 10000, Train Acc: 54.460, Test Acc: 50.950, Total Time: 433.422s
Train Epoch: 77, Total Sample: 10000, Train Acc: 54.640, Test Acc: 51.300, Total Time: 439.042s
Train Epoch: 78, Total Sample: 10000, Train Acc: 52.420, Test Acc: 50.030, Total Time: 444.663s
Train Epoch: 79, Total Sample: 10000, Train Acc: 56.030, Test Acc: 52.300, Total Time: 450.247s
Train Epoch: 80, Total Sample: 10000, Train Acc: 54.930, Test Acc: 51.990, Total Time: 455.850s
Train Epoch: 81, Total Sample: 10000, Train Acc: 54.500, Test Acc: 51.130, Total Time: 461.440s
Train Epoch: 82, Total Sample: 10000, Train Acc: 56.060, Test Acc: 52.750, Total Time: 467.040s
Train Epoch: 83, Total Sample: 10000, Train Acc: 55.500, Test Acc: 52.580, Total Time: 472.648s
Train Epoch: 84, Total Sample: 10000, Train Acc: 56.620, Test Acc: 52.850, Total Time: 478.251s
Train Epoch: 85, Total Sample: 10000, Train Acc: 56.340, Test Acc: 52.680, Total Time: 483.886s
Train Epoch: 86, Total Sample: 10000, Train Acc: 56.650, Test Acc: 53.340, Total Time: 489.485s
Train Epoch: 87, Total Sample: 10000, Train Acc: 55.620, Test Acc: 51.870, Total Time: 495.098s
Train Epoch: 88, Total Sample: 10000, Train Acc: 57.230, Test Acc: 53.100, Total Time: 500.711s
Train Epoch: 89, Total Sample: 10000, Train Acc: 56.040, Test Acc: 52.670, Total Time: 506.290s
Train Epoch: 90, Total Sample: 10000, Train Acc: 53.360, Test Acc: 50.290, Total Time: 511.888s
Train Epoch: 91, Total Sample: 10000, Train Acc: 51.840, Test Acc: 47.710, Total Time: 517.501s
Train Epoch: 92, Total Sample: 10000, Train Acc: 56.900, Test Acc: 53.280, Total Time: 523.099s
Train Epoch: 93, Total Sample: 10000, Train Acc: 54.470, Test Acc: 50.540, Total Time: 528.685s
Train Epoch: 94, Total Sample: 10000, Train Acc: 53.010, Test Acc: 49.640, Total Time: 534.274s
Train Epoch: 95, Total Sample: 10000, Train Acc: 52.520, Test Acc: 48.710, Total Time: 539.884s
Train Epoch: 96, Total Sample: 10000, Train Acc: 56.410, Test Acc: 51.740, Total Time: 545.482s
Train Epoch: 97, Total Sample: 10000, Train Acc: 60.170, Test Acc: 55.290, Total Time: 551.098s
Train Epoch: 98, Total Sample: 10000, Train Acc: 60.760, Test Acc: 55.550, Total Time: 556.699s
Train Epoch: 99, Total Sample: 10000, Train Acc: 57.880, Test Acc: 53.240, Total Time: 562.329s
Train Epoch: 100, Total Sample: 10000, Train Acc: 59.910, Test Acc: 54.960, Total Time: 567.953s
Train Epoch: 101, Total Sample: 10000, Train Acc: 55.730, Test Acc: 51.550, Total Time: 573.582s
Train Epoch: 102, Total Sample: 10000, Train Acc: 58.280, Test Acc: 53.740, Total Time: 579.143s
Train Epoch: 103, Total Sample: 10000, Train Acc: 61.670, Test Acc: 55.380, Total Time: 584.764s
Train Epoch: 104, Total Sample: 10000, Train Acc: 61.310, Test Acc: 56.010, Total Time: 590.401s
Train Epoch: 105, Total Sample: 10000, Train Acc: 61.570, Test Acc: 56.350, Total Time: 596.048s
Train Epoch: 106, Total Sample: 10000, Train Acc: 61.330, Test Acc: 56.360, Total Time: 601.695s
Train Epoch: 107, Total Sample: 10000, Train Acc: 60.660, Test Acc: 55.500, Total Time: 607.316s
Train Epoch: 108, Total Sample: 10000, Train Acc: 61.340, Test Acc: 55.450, Total Time: 612.942s
Train Epoch: 109, Total Sample: 10000, Train Acc: 61.390, Test Acc: 55.750, Total Time: 618.558s
Train Epoch: 110, Total Sample: 10000, Train Acc: 62.010, Test Acc: 56.840, Total Time: 624.147s
Train Epoch: 111, Total Sample: 10000, Train Acc: 60.520, Test Acc: 54.730, Total Time: 629.780s
Train Epoch: 112, Total Sample: 10000, Train Acc: 58.340, Test Acc: 53.190, Total Time: 635.381s
Train Epoch: 113, Total Sample: 10000, Train Acc: 61.060, Test Acc: 55.440, Total Time: 640.984s
Train Epoch: 114, Total Sample: 10000, Train Acc: 60.780, Test Acc: 55.240, Total Time: 646.621s
Train Epoch: 115, Total Sample: 10000, Train Acc: 63.100, Test Acc: 57.250, Total Time: 652.237s
Train Epoch: 116, Total Sample: 10000, Train Acc: 62.300, Test Acc: 57.370, Total Time: 657.841s
Train Epoch: 117, Total Sample: 10000, Train Acc: 63.400, Test Acc: 57.410, Total Time: 663.466s
Train Epoch: 118, Total Sample: 10000, Train Acc: 62.790, Test Acc: 57.760, Total Time: 669.284s
Train Epoch: 119, Total Sample: 10000, Train Acc: 63.880, Test Acc: 58.460, Total Time: 675.115s
Train Epoch: 120, Total Sample: 10000, Train Acc: 63.620, Test Acc: 57.750, Total Time: 680.937s
Train Epoch: 121, Total Sample: 10000, Train Acc: 60.100, Test Acc: 54.430, Total Time: 686.764s
Train Epoch: 122, Total Sample: 10000, Train Acc: 63.960, Test Acc: 57.630, Total Time: 692.585s
Train Epoch: 123, Total Sample: 10000, Train Acc: 65.040, Test Acc: 58.270, Total Time: 698.401s
Train Epoch: 124, Total Sample: 10000, Train Acc: 64.750, Test Acc: 57.920, Total Time: 704.231s
Train Epoch: 125, Total Sample: 10000, Train Acc: 64.590, Test Acc: 58.040, Total Time: 710.070s
Train Epoch: 126, Total Sample: 10000, Train Acc: 64.260, Test Acc: 57.970, Total Time: 715.873s
Train Epoch: 127, Total Sample: 10000, Train Acc: 61.150, Test Acc: 55.590, Total Time: 721.684s
Train Epoch: 128, Total Sample: 10000, Train Acc: 64.760, Test Acc: 57.850, Total Time: 727.488s
Train Epoch: 129, Total Sample: 10000, Train Acc: 64.800, Test Acc: 58.330, Total Time: 733.330s
Train Epoch: 130, Total Sample: 10000, Train Acc: 64.580, Test Acc: 58.460, Total Time: 739.184s
Train Epoch: 131, Total Sample: 10000, Train Acc: 66.050, Test Acc: 58.440, Total Time: 745.042s
Train Epoch: 132, Total Sample: 10000, Train Acc: 63.820, Test Acc: 57.430, Total Time: 750.924s
Train Epoch: 133, Total Sample: 10000, Train Acc: 66.080, Test Acc: 59.300, Total Time: 756.750s
Train Epoch: 134, Total Sample: 10000, Train Acc: 65.840, Test Acc: 58.490, Total Time: 762.572s
Train Epoch: 135, Total Sample: 10000, Train Acc: 65.450, Test Acc: 58.270, Total Time: 768.201s
Train Epoch: 136, Total Sample: 10000, Train Acc: 66.370, Test Acc: 59.620, Total Time: 773.853s
Train Epoch: 137, Total Sample: 10000, Train Acc: 66.610, Test Acc: 59.330, Total Time: 779.485s
Train Epoch: 138, Total Sample: 10000, Train Acc: 65.560, Test Acc: 57.930, Total Time: 785.123s
Train Epoch: 139, Total Sample: 10000, Train Acc: 66.630, Test Acc: 58.670, Total Time: 790.740s
Train Epoch: 140, Total Sample: 10000, Train Acc: 67.150, Test Acc: 60.080, Total Time: 796.381s
Train Epoch: 141, Total Sample: 10000, Train Acc: 67.310, Test Acc: 59.710, Total Time: 801.943s
Train Epoch: 142, Total Sample: 10000, Train Acc: 66.720, Test Acc: 59.880, Total Time: 807.535s
Train Epoch: 143, Total Sample: 10000, Train Acc: 65.200, Test Acc: 58.160, Total Time: 813.173s
Train Epoch: 144, Total Sample: 10000, Train Acc: 67.910, Test Acc: 59.760, Total Time: 818.779s
Train Epoch: 145, Total Sample: 10000, Train Acc: 68.030, Test Acc: 59.210, Total Time: 824.430s
Train Epoch: 146, Total Sample: 10000, Train Acc: 68.360, Test Acc: 60.240, Total Time: 830.067s
Train Epoch: 147, Total Sample: 10000, Train Acc: 68.690, Test Acc: 60.250, Total Time: 835.686s
Train Epoch: 148, Total Sample: 10000, Train Acc: 68.580, Test Acc: 59.730, Total Time: 841.307s
Train Epoch: 149, Total Sample: 10000, Train Acc: 69.040, Test Acc: 60.520, Total Time: 846.911s
Train Epoch: 150, Total Sample: 10000, Train Acc: 68.020, Test Acc: 59.680, Total Time: 852.547s
Train Epoch: 151, Total Sample: 10000, Train Acc: 68.630, Test Acc: 60.580, Total Time: 858.167s
Train Epoch: 152, Total Sample: 10000, Train Acc: 68.980, Test Acc: 60.440, Total Time: 863.765s
Train Epoch: 153, Total Sample: 10000, Train Acc: 68.780, Test Acc: 60.610, Total Time: 869.369s
Train Epoch: 154, Total Sample: 10000, Train Acc: 69.220, Test Acc: 60.480, Total Time: 875.034s
Train Epoch: 155, Total Sample: 10000, Train Acc: 69.210, Test Acc: 60.490, Total Time: 880.657s
Train Epoch: 156, Total Sample: 10000, Train Acc: 69.650, Test Acc: 60.410, Total Time: 886.272s
Train Epoch: 157, Total Sample: 10000, Train Acc: 69.800, Test Acc: 60.890, Total Time: 891.901s
Train Epoch: 158, Total Sample: 10000, Train Acc: 69.550, Test Acc: 60.800, Total Time: 897.521s
Train Epoch: 159, Total Sample: 10000, Train Acc: 69.740, Test Acc: 60.920, Total Time: 903.126s
Train Epoch: 160, Total Sample: 10000, Train Acc: 69.000, Test Acc: 60.940, Total Time: 908.866s
Train Epoch: 161, Total Sample: 10000, Train Acc: 70.050, Test Acc: 60.870, Total Time: 914.484s
Train Epoch: 162, Total Sample: 10000, Train Acc: 69.870, Test Acc: 61.120, Total Time: 920.099s
Train Epoch: 163, Total Sample: 10000, Train Acc: 69.290, Test Acc: 60.550, Total Time: 925.692s
Train Epoch: 164, Total Sample: 10000, Train Acc: 70.230, Test Acc: 60.810, Total Time: 931.286s
Train Epoch: 165, Total Sample: 10000, Train Acc: 70.370, Test Acc: 60.960, Total Time: 936.879s
Train Epoch: 166, Total Sample: 10000, Train Acc: 70.580, Test Acc: 60.840, Total Time: 942.490s
Train Epoch: 167, Total Sample: 10000, Train Acc: 69.860, Test Acc: 61.440, Total Time: 948.099s
Train Epoch: 168, Total Sample: 10000, Train Acc: 70.580, Test Acc: 61.010, Total Time: 953.796s
Train Epoch: 169, Total Sample: 10000, Train Acc: 70.270, Test Acc: 61.000, Total Time: 959.636s
Train Epoch: 170, Total Sample: 10000, Train Acc: 70.530, Test Acc: 60.960, Total Time: 965.277s
Train Epoch: 171, Total Sample: 10000, Train Acc: 70.510, Test Acc: 61.260, Total Time: 970.998s
Train Epoch: 172, Total Sample: 10000, Train Acc: 70.910, Test Acc: 61.080, Total Time: 976.609s
Train Epoch: 173, Total Sample: 10000, Train Acc: 70.820, Test Acc: 61.270, Total Time: 982.218s
Train Epoch: 174, Total Sample: 10000, Train Acc: 70.700, Test Acc: 61.000, Total Time: 987.828s
Train Epoch: 175, Total Sample: 10000, Train Acc: 70.940, Test Acc: 61.070, Total Time: 993.481s
Train Epoch: 176, Total Sample: 10000, Train Acc: 70.570, Test Acc: 61.640, Total Time: 999.141s
Train Epoch: 177, Total Sample: 10000, Train Acc: 70.920, Test Acc: 61.170, Total Time: 1004.762s
Train Epoch: 178, Total Sample: 10000, Train Acc: 70.920, Test Acc: 61.850, Total Time: 1010.409s
Train Epoch: 179, Total Sample: 10000, Train Acc: 71.190, Test Acc: 61.350, Total Time: 1016.098s
Train Epoch: 180, Total Sample: 10000, Train Acc: 71.280, Test Acc: 61.550, Total Time: 1021.739s
Train Epoch: 181, Total Sample: 10000, Train Acc: 70.890, Test Acc: 61.720, Total Time: 1027.383s
Train Epoch: 182, Total Sample: 10000, Train Acc: 71.420, Test Acc: 61.360, Total Time: 1033.042s
Train Epoch: 183, Total Sample: 10000, Train Acc: 71.350, Test Acc: 61.580, Total Time: 1038.687s
Train Epoch: 184, Total Sample: 10000, Train Acc: 71.540, Test Acc: 60.950, Total Time: 1044.340s
Train Epoch: 185, Total Sample: 10000, Train Acc: 71.570, Test Acc: 61.170, Total Time: 1050.000s
Train Epoch: 186, Total Sample: 10000, Train Acc: 71.320, Test Acc: 61.420, Total Time: 1055.642s
Train Epoch: 187, Total Sample: 10000, Train Acc: 71.540, Test Acc: 61.660, Total Time: 1061.248s
Train Epoch: 188, Total Sample: 10000, Train Acc: 71.380, Test Acc: 61.900, Total Time: 1066.994s
Train Epoch: 189, Total Sample: 10000, Train Acc: 71.560, Test Acc: 61.080, Total Time: 1072.888s
Train Epoch: 190, Total Sample: 10000, Train Acc: 71.410, Test Acc: 61.710, Total Time: 1078.731s
Train Epoch: 191, Total Sample: 10000, Train Acc: 71.390, Test Acc: 61.370, Total Time: 1084.518s
Train Epoch: 192, Total Sample: 10000, Train Acc: 71.310, Test Acc: 61.220, Total Time: 1090.347s
Train Epoch: 193, Total Sample: 10000, Train Acc: 71.370, Test Acc: 61.520, Total Time: 1096.153s
Train Epoch: 194, Total Sample: 10000, Train Acc: 71.960, Test Acc: 61.140, Total Time: 1101.981s
Train Epoch: 195, Total Sample: 10000, Train Acc: 71.210, Test Acc: 61.810, Total Time: 1107.859s
Train Epoch: 196, Total Sample: 10000, Train Acc: 71.300, Test Acc: 61.290, Total Time: 1113.713s
Train Epoch: 197, Total Sample: 10000, Train Acc: 71.590, Test Acc: 61.300, Total Time: 1119.563s
Train Epoch: 198, Total Sample: 10000, Train Acc: 71.260, Test Acc: 61.580, Total Time: 1125.421s
Train Epoch: 199, Total Sample: 10000, Train Acc: 71.270, Test Acc: 61.830, Total Time: 1131.284s
Train Epoch: 200, Total Sample: 10000, Train Acc: 71.310, Test Acc: 61.710, Total Time: 1137.134s
Finish Training
add simple data augmentation!
add simple data augmentation!
Files already downloaded and verified
Files already downloaded and verified
Preparing dataloader!
dataset:  60000
target_train: 10000 	 target_inference: 10000 	 target_test: 10000
Train Epoch: 1, Total Sample: 10000, Train Acc: 24.300, Test Acc: 23.150, Total Time: 8.472s
Train Epoch: 2, Total Sample: 10000, Train Acc: 26.670, Test Acc: 26.610, Total Time: 14.203s
Train Epoch: 3, Total Sample: 10000, Train Acc: 26.670, Test Acc: 26.550, Total Time: 19.876s
Train Epoch: 4, Total Sample: 10000, Train Acc: 30.080, Test Acc: 28.610, Total Time: 25.552s
Train Epoch: 5, Total Sample: 10000, Train Acc: 29.250, Test Acc: 26.870, Total Time: 31.260s
Train Epoch: 6, Total Sample: 10000, Train Acc: 27.710, Test Acc: 27.010, Total Time: 36.934s
Train Epoch: 7, Total Sample: 10000, Train Acc: 25.310, Test Acc: 25.070, Total Time: 42.619s
Train Epoch: 8, Total Sample: 10000, Train Acc: 31.600, Test Acc: 30.540, Total Time: 48.321s
Train Epoch: 9, Total Sample: 10000, Train Acc: 29.150, Test Acc: 28.150, Total Time: 54.014s
Train Epoch: 10, Total Sample: 10000, Train Acc: 27.790, Test Acc: 26.890, Total Time: 59.737s
Train Epoch: 11, Total Sample: 10000, Train Acc: 27.290, Test Acc: 26.180, Total Time: 65.488s
Train Epoch: 12, Total Sample: 10000, Train Acc: 30.180, Test Acc: 29.580, Total Time: 71.183s
Train Epoch: 13, Total Sample: 10000, Train Acc: 22.980, Test Acc: 21.900, Total Time: 76.850s
Train Epoch: 14, Total Sample: 10000, Train Acc: 32.260, Test Acc: 30.880, Total Time: 82.556s
Train Epoch: 15, Total Sample: 10000, Train Acc: 32.540, Test Acc: 31.660, Total Time: 88.263s
Train Epoch: 16, Total Sample: 10000, Train Acc: 36.840, Test Acc: 34.300, Total Time: 93.925s
Train Epoch: 17, Total Sample: 10000, Train Acc: 31.240, Test Acc: 30.070, Total Time: 99.619s
Train Epoch: 18, Total Sample: 10000, Train Acc: 36.650, Test Acc: 35.060, Total Time: 105.283s
Train Epoch: 19, Total Sample: 10000, Train Acc: 38.090, Test Acc: 36.220, Total Time: 110.988s
Train Epoch: 20, Total Sample: 10000, Train Acc: 37.230, Test Acc: 35.100, Total Time: 116.662s
Train Epoch: 21, Total Sample: 10000, Train Acc: 39.910, Test Acc: 38.260, Total Time: 122.412s
Train Epoch: 22, Total Sample: 10000, Train Acc: 34.360, Test Acc: 32.810, Total Time: 128.060s
Train Epoch: 23, Total Sample: 10000, Train Acc: 41.150, Test Acc: 39.150, Total Time: 133.709s
Train Epoch: 24, Total Sample: 10000, Train Acc: 38.360, Test Acc: 37.420, Total Time: 139.394s
Train Epoch: 25, Total Sample: 10000, Train Acc: 38.860, Test Acc: 37.190, Total Time: 145.104s
Train Epoch: 26, Total Sample: 10000, Train Acc: 39.950, Test Acc: 37.930, Total Time: 150.797s
Train Epoch: 27, Total Sample: 10000, Train Acc: 43.840, Test Acc: 41.520, Total Time: 156.495s
Train Epoch: 28, Total Sample: 10000, Train Acc: 41.750, Test Acc: 39.120, Total Time: 162.205s
Train Epoch: 29, Total Sample: 10000, Train Acc: 41.330, Test Acc: 39.420, Total Time: 167.895s
Train Epoch: 30, Total Sample: 10000, Train Acc: 41.980, Test Acc: 39.910, Total Time: 173.595s
Train Epoch: 31, Total Sample: 10000, Train Acc: 41.290, Test Acc: 39.160, Total Time: 179.284s
Train Epoch: 32, Total Sample: 10000, Train Acc: 41.690, Test Acc: 38.810, Total Time: 184.982s
Train Epoch: 33, Total Sample: 10000, Train Acc: 40.320, Test Acc: 38.730, Total Time: 190.674s
Train Epoch: 34, Total Sample: 10000, Train Acc: 41.920, Test Acc: 40.620, Total Time: 196.377s
Train Epoch: 35, Total Sample: 10000, Train Acc: 31.930, Test Acc: 29.540, Total Time: 202.070s
Train Epoch: 36, Total Sample: 10000, Train Acc: 40.430, Test Acc: 37.640, Total Time: 207.767s
Train Epoch: 37, Total Sample: 10000, Train Acc: 42.620, Test Acc: 39.390, Total Time: 213.452s
Train Epoch: 38, Total Sample: 10000, Train Acc: 42.210, Test Acc: 39.920, Total Time: 219.133s
Train Epoch: 39, Total Sample: 10000, Train Acc: 37.260, Test Acc: 35.500, Total Time: 224.812s
Train Epoch: 40, Total Sample: 10000, Train Acc: 44.340, Test Acc: 42.320, Total Time: 230.465s
Train Epoch: 41, Total Sample: 10000, Train Acc: 36.220, Test Acc: 34.120, Total Time: 236.116s
Train Epoch: 42, Total Sample: 10000, Train Acc: 45.930, Test Acc: 43.130, Total Time: 241.765s
Train Epoch: 43, Total Sample: 10000, Train Acc: 46.430, Test Acc: 44.020, Total Time: 247.425s
Train Epoch: 44, Total Sample: 10000, Train Acc: 46.900, Test Acc: 44.380, Total Time: 253.070s
Train Epoch: 45, Total Sample: 10000, Train Acc: 42.930, Test Acc: 41.180, Total Time: 258.738s
Train Epoch: 46, Total Sample: 10000, Train Acc: 44.440, Test Acc: 42.680, Total Time: 264.411s
Train Epoch: 47, Total Sample: 10000, Train Acc: 44.740, Test Acc: 41.660, Total Time: 270.077s
Train Epoch: 48, Total Sample: 10000, Train Acc: 45.770, Test Acc: 43.650, Total Time: 275.758s
Train Epoch: 49, Total Sample: 10000, Train Acc: 40.810, Test Acc: 38.790, Total Time: 281.683s
Train Epoch: 50, Total Sample: 10000, Train Acc: 42.470, Test Acc: 40.210, Total Time: 287.602s
Train Epoch: 51, Total Sample: 10000, Train Acc: 43.070, Test Acc: 40.240, Total Time: 293.511s
Train Epoch: 52, Total Sample: 10000, Train Acc: 40.790, Test Acc: 39.010, Total Time: 299.328s
Train Epoch: 53, Total Sample: 10000, Train Acc: 42.760, Test Acc: 39.730, Total Time: 305.089s
Train Epoch: 54, Total Sample: 10000, Train Acc: 43.250, Test Acc: 41.360, Total Time: 310.793s
Train Epoch: 55, Total Sample: 10000, Train Acc: 48.300, Test Acc: 44.350, Total Time: 316.584s
Train Epoch: 56, Total Sample: 10000, Train Acc: 46.350, Test Acc: 43.170, Total Time: 322.269s
Train Epoch: 57, Total Sample: 10000, Train Acc: 46.730, Test Acc: 43.660, Total Time: 327.932s
Train Epoch: 58, Total Sample: 10000, Train Acc: 44.160, Test Acc: 42.190, Total Time: 333.612s
Train Epoch: 59, Total Sample: 10000, Train Acc: 44.510, Test Acc: 41.510, Total Time: 339.288s
Train Epoch: 60, Total Sample: 10000, Train Acc: 45.670, Test Acc: 42.590, Total Time: 344.946s
Train Epoch: 61, Total Sample: 10000, Train Acc: 39.900, Test Acc: 38.400, Total Time: 350.609s
Train Epoch: 62, Total Sample: 10000, Train Acc: 48.440, Test Acc: 45.020, Total Time: 356.326s
Train Epoch: 63, Total Sample: 10000, Train Acc: 45.860, Test Acc: 42.160, Total Time: 362.028s
Train Epoch: 64, Total Sample: 10000, Train Acc: 47.180, Test Acc: 43.990, Total Time: 367.717s
Train Epoch: 65, Total Sample: 10000, Train Acc: 43.650, Test Acc: 40.540, Total Time: 373.393s
Train Epoch: 66, Total Sample: 10000, Train Acc: 48.060, Test Acc: 45.100, Total Time: 379.061s
Train Epoch: 67, Total Sample: 10000, Train Acc: 48.680, Test Acc: 45.340, Total Time: 384.752s
Train Epoch: 68, Total Sample: 10000, Train Acc: 48.800, Test Acc: 45.090, Total Time: 390.446s
Train Epoch: 69, Total Sample: 10000, Train Acc: 48.520, Test Acc: 45.090, Total Time: 396.146s
Train Epoch: 70, Total Sample: 10000, Train Acc: 46.960, Test Acc: 44.630, Total Time: 401.830s
Train Epoch: 71, Total Sample: 10000, Train Acc: 46.630, Test Acc: 43.910, Total Time: 407.512s
Train Epoch: 72, Total Sample: 10000, Train Acc: 47.390, Test Acc: 44.700, Total Time: 413.195s
Train Epoch: 73, Total Sample: 10000, Train Acc: 48.430, Test Acc: 45.580, Total Time: 418.893s
Train Epoch: 74, Total Sample: 10000, Train Acc: 48.520, Test Acc: 45.730, Total Time: 424.598s
Train Epoch: 75, Total Sample: 10000, Train Acc: 50.980, Test Acc: 47.830, Total Time: 430.295s
Train Epoch: 76, Total Sample: 10000, Train Acc: 50.020, Test Acc: 46.100, Total Time: 435.959s
Train Epoch: 77, Total Sample: 10000, Train Acc: 49.240, Test Acc: 46.050, Total Time: 441.631s
Train Epoch: 78, Total Sample: 10000, Train Acc: 47.680, Test Acc: 45.060, Total Time: 447.321s
Train Epoch: 79, Total Sample: 10000, Train Acc: 49.550, Test Acc: 46.600, Total Time: 453.003s
Train Epoch: 80, Total Sample: 10000, Train Acc: 49.900, Test Acc: 47.220, Total Time: 458.690s
Train Epoch: 81, Total Sample: 10000, Train Acc: 48.480, Test Acc: 45.130, Total Time: 464.388s
Train Epoch: 82, Total Sample: 10000, Train Acc: 51.650, Test Acc: 48.080, Total Time: 470.079s
Train Epoch: 83, Total Sample: 10000, Train Acc: 51.250, Test Acc: 47.330, Total Time: 475.760s
Train Epoch: 84, Total Sample: 10000, Train Acc: 50.080, Test Acc: 46.580, Total Time: 481.408s
Train Epoch: 85, Total Sample: 10000, Train Acc: 51.020, Test Acc: 47.370, Total Time: 487.111s
Train Epoch: 86, Total Sample: 10000, Train Acc: 47.410, Test Acc: 44.310, Total Time: 492.804s
Train Epoch: 87, Total Sample: 10000, Train Acc: 50.810, Test Acc: 47.100, Total Time: 498.474s
Train Epoch: 88, Total Sample: 10000, Train Acc: 47.770, Test Acc: 44.230, Total Time: 504.136s
Train Epoch: 89, Total Sample: 10000, Train Acc: 50.300, Test Acc: 47.180, Total Time: 509.814s
Train Epoch: 90, Total Sample: 10000, Train Acc: 47.240, Test Acc: 44.990, Total Time: 515.489s
Train Epoch: 91, Total Sample: 10000, Train Acc: 52.400, Test Acc: 48.570, Total Time: 521.170s
Train Epoch: 92, Total Sample: 10000, Train Acc: 51.320, Test Acc: 47.850, Total Time: 526.825s
Train Epoch: 93, Total Sample: 10000, Train Acc: 52.760, Test Acc: 48.350, Total Time: 532.483s
Train Epoch: 94, Total Sample: 10000, Train Acc: 53.630, Test Acc: 49.400, Total Time: 538.166s
Train Epoch: 95, Total Sample: 10000, Train Acc: 51.300, Test Acc: 48.470, Total Time: 543.806s
Train Epoch: 96, Total Sample: 10000, Train Acc: 50.000, Test Acc: 46.290, Total Time: 549.498s
Train Epoch: 97, Total Sample: 10000, Train Acc: 52.620, Test Acc: 48.150, Total Time: 555.191s
Train Epoch: 98, Total Sample: 10000, Train Acc: 52.660, Test Acc: 48.300, Total Time: 560.869s
Train Epoch: 99, Total Sample: 10000, Train Acc: 54.300, Test Acc: 49.980, Total Time: 566.556s
Train Epoch: 100, Total Sample: 10000, Train Acc: 53.350, Test Acc: 48.520, Total Time: 572.243s
Train Epoch: 101, Total Sample: 10000, Train Acc: 54.070, Test Acc: 49.620, Total Time: 577.951s
Train Epoch: 102, Total Sample: 10000, Train Acc: 55.430, Test Acc: 50.680, Total Time: 583.612s
Train Epoch: 103, Total Sample: 10000, Train Acc: 53.050, Test Acc: 49.120, Total Time: 589.293s
Train Epoch: 104, Total Sample: 10000, Train Acc: 52.020, Test Acc: 48.260, Total Time: 594.980s
Train Epoch: 105, Total Sample: 10000, Train Acc: 55.780, Test Acc: 51.370, Total Time: 600.876s
Train Epoch: 106, Total Sample: 10000, Train Acc: 53.790, Test Acc: 50.290, Total Time: 606.578s
Train Epoch: 107, Total Sample: 10000, Train Acc: 56.300, Test Acc: 51.600, Total Time: 612.289s
Train Epoch: 108, Total Sample: 10000, Train Acc: 54.550, Test Acc: 49.900, Total Time: 618.188s
Train Epoch: 109, Total Sample: 10000, Train Acc: 50.220, Test Acc: 47.420, Total Time: 624.099s
Train Epoch: 110, Total Sample: 10000, Train Acc: 55.140, Test Acc: 51.230, Total Time: 629.997s
Train Epoch: 111, Total Sample: 10000, Train Acc: 56.160, Test Acc: 51.630, Total Time: 635.848s
Train Epoch: 112, Total Sample: 10000, Train Acc: 56.500, Test Acc: 51.550, Total Time: 641.747s
Train Epoch: 113, Total Sample: 10000, Train Acc: 56.340, Test Acc: 51.120, Total Time: 647.673s
Train Epoch: 114, Total Sample: 10000, Train Acc: 57.080, Test Acc: 51.690, Total Time: 653.617s
Train Epoch: 115, Total Sample: 10000, Train Acc: 56.370, Test Acc: 51.770, Total Time: 659.526s
Train Epoch: 116, Total Sample: 10000, Train Acc: 55.790, Test Acc: 51.140, Total Time: 665.435s
Train Epoch: 117, Total Sample: 10000, Train Acc: 56.270, Test Acc: 51.170, Total Time: 671.370s
Train Epoch: 118, Total Sample: 10000, Train Acc: 55.620, Test Acc: 50.760, Total Time: 677.297s
Train Epoch: 119, Total Sample: 10000, Train Acc: 57.260, Test Acc: 52.300, Total Time: 683.201s
Train Epoch: 120, Total Sample: 10000, Train Acc: 57.690, Test Acc: 52.050, Total Time: 689.108s
Train Epoch: 121, Total Sample: 10000, Train Acc: 57.350, Test Acc: 52.260, Total Time: 695.047s
Train Epoch: 122, Total Sample: 10000, Train Acc: 58.040, Test Acc: 53.040, Total Time: 700.988s
Train Epoch: 123, Total Sample: 10000, Train Acc: 58.140, Test Acc: 52.680, Total Time: 706.914s
Train Epoch: 124, Total Sample: 10000, Train Acc: 58.580, Test Acc: 53.170, Total Time: 712.847s
Train Epoch: 125, Total Sample: 10000, Train Acc: 56.720, Test Acc: 51.630, Total Time: 718.773s
Train Epoch: 126, Total Sample: 10000, Train Acc: 57.550, Test Acc: 52.300, Total Time: 724.680s
Train Epoch: 127, Total Sample: 10000, Train Acc: 58.700, Test Acc: 53.370, Total Time: 730.595s
Train Epoch: 128, Total Sample: 10000, Train Acc: 54.810, Test Acc: 50.050, Total Time: 736.529s
Train Epoch: 129, Total Sample: 10000, Train Acc: 58.270, Test Acc: 52.740, Total Time: 742.487s
Train Epoch: 130, Total Sample: 10000, Train Acc: 58.970, Test Acc: 53.020, Total Time: 748.401s
Train Epoch: 131, Total Sample: 10000, Train Acc: 59.720, Test Acc: 53.770, Total Time: 754.308s
Train Epoch: 132, Total Sample: 10000, Train Acc: 60.170, Test Acc: 53.840, Total Time: 760.175s
Train Epoch: 133, Total Sample: 10000, Train Acc: 60.100, Test Acc: 53.700, Total Time: 765.871s
Train Epoch: 134, Total Sample: 10000, Train Acc: 59.300, Test Acc: 53.620, Total Time: 771.567s
Train Epoch: 135, Total Sample: 10000, Train Acc: 59.940, Test Acc: 53.910, Total Time: 777.232s
Train Epoch: 136, Total Sample: 10000, Train Acc: 58.880, Test Acc: 53.340, Total Time: 782.945s
Train Epoch: 137, Total Sample: 10000, Train Acc: 60.140, Test Acc: 53.780, Total Time: 788.619s
Train Epoch: 138, Total Sample: 10000, Train Acc: 59.680, Test Acc: 53.350, Total Time: 794.316s
Train Epoch: 139, Total Sample: 10000, Train Acc: 60.170, Test Acc: 53.550, Total Time: 799.993s
Train Epoch: 140, Total Sample: 10000, Train Acc: 59.240, Test Acc: 53.990, Total Time: 805.687s
Train Epoch: 141, Total Sample: 10000, Train Acc: 60.500, Test Acc: 53.720, Total Time: 811.354s
Train Epoch: 142, Total Sample: 10000, Train Acc: 60.770, Test Acc: 54.110, Total Time: 817.038s
Train Epoch: 143, Total Sample: 10000, Train Acc: 60.300, Test Acc: 54.070, Total Time: 822.732s
Train Epoch: 144, Total Sample: 10000, Train Acc: 60.310, Test Acc: 53.910, Total Time: 828.434s
Train Epoch: 145, Total Sample: 10000, Train Acc: 59.950, Test Acc: 53.570, Total Time: 834.131s
Train Epoch: 146, Total Sample: 10000, Train Acc: 60.760, Test Acc: 53.980, Total Time: 839.838s
Train Epoch: 147, Total Sample: 10000, Train Acc: 59.740, Test Acc: 52.730, Total Time: 845.560s
Train Epoch: 148, Total Sample: 10000, Train Acc: 61.790, Test Acc: 54.300, Total Time: 851.238s
Train Epoch: 149, Total Sample: 10000, Train Acc: 60.870, Test Acc: 54.000, Total Time: 856.935s
Train Epoch: 150, Total Sample: 10000, Train Acc: 61.950, Test Acc: 55.080, Total Time: 862.619s
Train Epoch: 151, Total Sample: 10000, Train Acc: 61.540, Test Acc: 54.370, Total Time: 868.356s
Train Epoch: 152, Total Sample: 10000, Train Acc: 61.710, Test Acc: 55.220, Total Time: 874.042s
Train Epoch: 153, Total Sample: 10000, Train Acc: 61.690, Test Acc: 54.530, Total Time: 879.769s
Train Epoch: 154, Total Sample: 10000, Train Acc: 62.460, Test Acc: 55.110, Total Time: 885.457s
Train Epoch: 155, Total Sample: 10000, Train Acc: 61.360, Test Acc: 54.880, Total Time: 891.180s
Train Epoch: 156, Total Sample: 10000, Train Acc: 61.960, Test Acc: 54.700, Total Time: 896.911s
Train Epoch: 157, Total Sample: 10000, Train Acc: 62.470, Test Acc: 54.910, Total Time: 902.638s
Train Epoch: 158, Total Sample: 10000, Train Acc: 62.190, Test Acc: 54.870, Total Time: 908.503s
Train Epoch: 159, Total Sample: 10000, Train Acc: 62.560, Test Acc: 54.860, Total Time: 914.426s
Train Epoch: 160, Total Sample: 10000, Train Acc: 62.580, Test Acc: 55.720, Total Time: 920.332s
Train Epoch: 161, Total Sample: 10000, Train Acc: 63.120, Test Acc: 55.310, Total Time: 926.263s
Train Epoch: 162, Total Sample: 10000, Train Acc: 62.320, Test Acc: 55.060, Total Time: 932.197s
Train Epoch: 163, Total Sample: 10000, Train Acc: 62.870, Test Acc: 55.120, Total Time: 938.131s
Train Epoch: 164, Total Sample: 10000, Train Acc: 62.640, Test Acc: 54.760, Total Time: 943.870s
Train Epoch: 165, Total Sample: 10000, Train Acc: 63.310, Test Acc: 55.220, Total Time: 949.569s
Train Epoch: 166, Total Sample: 10000, Train Acc: 63.260, Test Acc: 55.540, Total Time: 955.444s
Train Epoch: 167, Total Sample: 10000, Train Acc: 62.930, Test Acc: 55.640, Total Time: 961.394s
Train Epoch: 168, Total Sample: 10000, Train Acc: 63.370, Test Acc: 55.380, Total Time: 967.211s
Train Epoch: 169, Total Sample: 10000, Train Acc: 63.290, Test Acc: 55.880, Total Time: 972.944s
Train Epoch: 170, Total Sample: 10000, Train Acc: 64.020, Test Acc: 55.860, Total Time: 978.645s
Train Epoch: 171, Total Sample: 10000, Train Acc: 63.650, Test Acc: 55.490, Total Time: 984.475s
Train Epoch: 172, Total Sample: 10000, Train Acc: 63.820, Test Acc: 56.380, Total Time: 990.184s
Train Epoch: 173, Total Sample: 10000, Train Acc: 63.630, Test Acc: 55.440, Total Time: 996.093s
Train Epoch: 174, Total Sample: 10000, Train Acc: 63.950, Test Acc: 55.670, Total Time: 1001.799s
Train Epoch: 175, Total Sample: 10000, Train Acc: 63.760, Test Acc: 55.810, Total Time: 1007.468s
Train Epoch: 176, Total Sample: 10000, Train Acc: 63.890, Test Acc: 56.110, Total Time: 1013.133s
Train Epoch: 177, Total Sample: 10000, Train Acc: 63.940, Test Acc: 56.160, Total Time: 1018.826s
Train Epoch: 178, Total Sample: 10000, Train Acc: 63.870, Test Acc: 55.690, Total Time: 1024.486s
Train Epoch: 179, Total Sample: 10000, Train Acc: 63.720, Test Acc: 55.920, Total Time: 1030.167s
Train Epoch: 180, Total Sample: 10000, Train Acc: 63.520, Test Acc: 56.040, Total Time: 1035.837s
Train Epoch: 181, Total Sample: 10000, Train Acc: 64.100, Test Acc: 55.850, Total Time: 1041.502s
Train Epoch: 182, Total Sample: 10000, Train Acc: 63.840, Test Acc: 55.820, Total Time: 1047.189s
Train Epoch: 183, Total Sample: 10000, Train Acc: 64.130, Test Acc: 56.200, Total Time: 1052.894s
Train Epoch: 184, Total Sample: 10000, Train Acc: 63.830, Test Acc: 55.600, Total Time: 1058.583s
Train Epoch: 185, Total Sample: 10000, Train Acc: 64.120, Test Acc: 55.950, Total Time: 1064.282s
Train Epoch: 186, Total Sample: 10000, Train Acc: 64.120, Test Acc: 56.100, Total Time: 1069.990s
Train Epoch: 187, Total Sample: 10000, Train Acc: 64.230, Test Acc: 55.850, Total Time: 1075.689s
Train Epoch: 188, Total Sample: 10000, Train Acc: 64.060, Test Acc: 55.490, Total Time: 1081.396s
Train Epoch: 189, Total Sample: 10000, Train Acc: 64.190, Test Acc: 55.850, Total Time: 1087.106s
Train Epoch: 190, Total Sample: 10000, Train Acc: 64.120, Test Acc: 56.080, Total Time: 1092.810s
Train Epoch: 191, Total Sample: 10000, Train Acc: 64.180, Test Acc: 56.760, Total Time: 1098.494s
Train Epoch: 192, Total Sample: 10000, Train Acc: 63.950, Test Acc: 55.800, Total Time: 1104.230s
Train Epoch: 193, Total Sample: 10000, Train Acc: 64.100, Test Acc: 55.520, Total Time: 1109.910s
Train Epoch: 194, Total Sample: 10000, Train Acc: 63.840, Test Acc: 56.420, Total Time: 1115.597s
Train Epoch: 195, Total Sample: 10000, Train Acc: 63.840, Test Acc: 55.880, Total Time: 1121.302s
Train Epoch: 196, Total Sample: 10000, Train Acc: 64.350, Test Acc: 55.900, Total Time: 1127.002s
Train Epoch: 197, Total Sample: 10000, Train Acc: 63.970, Test Acc: 56.410, Total Time: 1132.716s
Train Epoch: 198, Total Sample: 10000, Train Acc: 63.930, Test Acc: 56.290, Total Time: 1138.420s
Train Epoch: 199, Total Sample: 10000, Train Acc: 63.920, Test Acc: 56.340, Total Time: 1144.155s
Train Epoch: 200, Total Sample: 10000, Train Acc: 64.550, Test Acc: 55.660, Total Time: 1149.852s
Finish Training
